[    0.000000] Linux version 4.15.0-109-generic (buildd@lgw01-amd64-010) (gcc version 7.5.0 (Ubuntu 7.5.0-3ubuntu1~18.04)) #110-Ubuntu SMP Tue Jun 23 02:39:32 UTC 2020 (Ubuntu 4.15.0-109.110-generic 4.15.18)
[    0.000000] Command line: BOOT_IMAGE=/boot/vmlinuz-4.15.0-109-generic root=LABEL=cloudimg-rootfs ro console=tty1 console=ttyS0
[    0.000000] KERNEL supported cpus:
[    0.000000]   Intel GenuineIntel
[    0.000000]   AMD AuthenticAMD
[    0.000000]   Centaur CentaurHauls
[    0.000000] x86/fpu: x87 FPU will use FXSAVE
[    0.000000] e820: BIOS-provided physical RAM map:
[    0.000000] BIOS-e820: [mem 0x0000000000000000-0x000000000009fbff] usable
[    0.000000] BIOS-e820: [mem 0x000000000009fc00-0x000000000009ffff] reserved
[    0.000000] BIOS-e820: [mem 0x00000000000f0000-0x00000000000fffff] reserved
[    0.000000] BIOS-e820: [mem 0x0000000000100000-0x00000000dffeffff] usable
[    0.000000] BIOS-e820: [mem 0x00000000dfff0000-0x00000000dfffffff] ACPI data
[    0.000000] BIOS-e820: [mem 0x00000000fec00000-0x00000000fec00fff] reserved
[    0.000000] BIOS-e820: [mem 0x00000000fee00000-0x00000000fee00fff] reserved
[    0.000000] BIOS-e820: [mem 0x00000000fffc0000-0x00000000ffffffff] reserved
[    0.000000] BIOS-e820: [mem 0x0000000100000000-0x0000000196ffffff] usable
[    0.000000] NX (Execute Disable) protection: active
[    0.000000] SMBIOS 2.5 present.
[    0.000000] DMI: innotek GmbH VirtualBox/VirtualBox, BIOS VirtualBox 12/01/2006
[    0.000000] Hypervisor detected: KVM
[    0.000000] e820: last_pfn = 0x197000 max_arch_pfn = 0x400000000
[    0.000000] MTRR: Disabled
[    0.000000] x86/PAT: MTRRs disabled, skipping PAT initialization too.
[    0.000000] CPU MTRRs all blank - virtualized system.
[    0.000000] x86/PAT: Configuration [0-7]: WB  WT  UC- UC  WB  WT  UC- UC  
[    0.000000] e820: last_pfn = 0xdfff0 max_arch_pfn = 0x400000000
[    0.000000] found SMP MP-table at [mem 0x0009fff0-0x0009ffff]
[    0.000000] Scanning 1 areas for low memory corruption
[    0.000000] RAMDISK: [mem 0x35955000-0x36ca1fff]
[    0.000000] ACPI: Early table checksum verification disabled
[    0.000000] ACPI: RSDP 0x00000000000E0000 000024 (v02 VBOX  )
[    0.000000] ACPI: XSDT 0x00000000DFFF0030 00003C (v01 VBOX   VBOXXSDT 00000001 ASL  00000061)
[    0.000000] ACPI: FACP 0x00000000DFFF00F0 0000F4 (v04 VBOX   VBOXFACP 00000001 ASL  00000061)
[    0.000000] ACPI: DSDT 0x00000000DFFF0480 002325 (v02 VBOX   VBOXBIOS 00000002 INTL 20100528)
[    0.000000] ACPI: FACS 0x00000000DFFF0200 000040
[    0.000000] ACPI: FACS 0x00000000DFFF0200 000040
[    0.000000] ACPI: APIC 0x00000000DFFF0240 000064 (v02 VBOX   VBOXAPIC 00000001 ASL  00000061)
[    0.000000] ACPI: SSDT 0x00000000DFFF02B0 0001CC (v01 VBOX   VBOXCPUT 00000002 INTL 20100528)
[    0.000000] No NUMA configuration found
[    0.000000] Faking a node at [mem 0x0000000000000000-0x0000000196ffffff]
[    0.000000] NODE_DATA(0) allocated [mem 0x196fd4000-0x196ffefff]
[    0.000000] kvm-clock: cpu 0, msr 1:96f53001, primary cpu clock
[    0.000000] kvm-clock: Using msrs 4b564d01 and 4b564d00
[    0.000000] kvm-clock: using sched offset of 4533064995 cycles
[    0.000000] clocksource: kvm-clock: mask: 0xffffffffffffffff max_cycles: 0x1cd42e4dffb, max_idle_ns: 881590591483 ns
[    0.000000] Zone ranges:
[    0.000000]   DMA      [mem 0x0000000000001000-0x0000000000ffffff]
[    0.000000]   DMA32    [mem 0x0000000001000000-0x00000000ffffffff]
[    0.000000]   Normal   [mem 0x0000000100000000-0x0000000196ffffff]
[    0.000000]   Device   empty
[    0.000000] Movable zone start for each node
[    0.000000] Early memory node ranges
[    0.000000]   node   0: [mem 0x0000000000001000-0x000000000009efff]
[    0.000000]   node   0: [mem 0x0000000000100000-0x00000000dffeffff]
[    0.000000]   node   0: [mem 0x0000000100000000-0x0000000196ffffff]
[    0.000000] Reserved but unavailable: 98 pages
[    0.000000] Initmem setup node 0 [mem 0x0000000000001000-0x0000000196ffffff]
[    0.000000] ACPI: PM-Timer IO Port: 0x4008
[    0.000000] IOAPIC[0]: apic_id 3, version 32, address 0xfec00000, GSI 0-23
[    0.000000] ACPI: INT_SRC_OVR (bus 0 bus_irq 0 global_irq 2 dfl dfl)
[    0.000000] ACPI: INT_SRC_OVR (bus 0 bus_irq 9 global_irq 9 low level)
[    0.000000] Using ACPI (MADT) for SMP configuration information
[    0.000000] smpboot: Allowing 3 CPUs, 0 hotplug CPUs
[    0.000000] PM: Registered nosave memory: [mem 0x00000000-0x00000fff]
[    0.000000] PM: Registered nosave memory: [mem 0x0009f000-0x0009ffff]
[    0.000000] PM: Registered nosave memory: [mem 0x000a0000-0x000effff]
[    0.000000] PM: Registered nosave memory: [mem 0x000f0000-0x000fffff]
[    0.000000] PM: Registered nosave memory: [mem 0xdfff0000-0xdfffffff]
[    0.000000] PM: Registered nosave memory: [mem 0xe0000000-0xfebfffff]
[    0.000000] PM: Registered nosave memory: [mem 0xfec00000-0xfec00fff]
[    0.000000] PM: Registered nosave memory: [mem 0xfec01000-0xfedfffff]
[    0.000000] PM: Registered nosave memory: [mem 0xfee00000-0xfee00fff]
[    0.000000] PM: Registered nosave memory: [mem 0xfee01000-0xfffbffff]
[    0.000000] PM: Registered nosave memory: [mem 0xfffc0000-0xffffffff]
[    0.000000] e820: [mem 0xe0000000-0xfebfffff] available for PCI devices
[    0.000000] Booting paravirtualized kernel on KVM
[    0.000000] clocksource: refined-jiffies: mask: 0xffffffff max_cycles: 0xffffffff, max_idle_ns: 7645519600211568 ns
[    0.000000] random: get_random_bytes called from start_kernel+0x99/0x500 with crng_init=0
[    0.000000] setup_percpu: NR_CPUS:8192 nr_cpumask_bits:3 nr_cpu_ids:3 nr_node_ids:1
[    0.000000] percpu: Embedded 45 pages/cpu s147456 r8192 d28672 u524288
[    0.000000] PV qspinlock hash table entries: 256 (order: 0, 4096 bytes)
[    0.000000] Built 1 zonelists, mobility grouping on.  Total pages: 1511865
[    0.000000] Policy zone: Normal
[    0.000000] Kernel command line: BOOT_IMAGE=/boot/vmlinuz-4.15.0-109-generic root=LABEL=cloudimg-rootfs ro console=tty1 console=ttyS0
[    0.000000] Memory: 5931904K/6143544K available (12300K kernel code, 2481K rwdata, 4272K rodata, 2436K init, 2720K bss, 211640K reserved, 0K cma-reserved)
[    0.000000] SLUB: HWalign=64, Order=0-3, MinObjects=0, CPUs=3, Nodes=1
[    0.000000] Kernel/User page tables isolation: enabled
[    0.000000] ftrace: allocating 39378 entries in 154 pages
[    0.004000] Hierarchical RCU implementation.
[    0.004000] 	RCU restricting CPUs from NR_CPUS=8192 to nr_cpu_ids=3.
[    0.004000] 	Tasks RCU enabled.
[    0.004000] RCU: Adjusting geometry for rcu_fanout_leaf=16, nr_cpu_ids=3
[    0.004000] NR_IRQS: 524544, nr_irqs: 448, preallocated irqs: 16
[    0.004000] Console: colour VGA+ 80x25
[    0.004000] console [tty1] enabled
[    0.004000] console [ttyS0] enabled
[    0.004000] ACPI: Core revision 20170831
[    0.004000] ACPI: 2 ACPI AML tables successfully acquired and loaded
[    0.004000] APIC: Switch to symmetric I/O mode setup
[    0.004000] ..TIMER: vector=0x30 apic1=0 pin1=2 apic2=-1 pin2=-1
[    0.004005] tsc: Detected 3192.010 MHz processor
[    0.008010] Calibrating delay loop (skipped) preset value.. 6384.02 BogoMIPS (lpj=12768040)
[    0.012006] pid_max: default: 32768 minimum: 301
[    0.016065] Security Framework initialized
[    0.020007] Yama: becoming mindful.
[    0.024085] AppArmor: AppArmor initialized
[    0.061950] Dentry cache hash table entries: 1048576 (order: 11, 8388608 bytes)
[    0.083806] Inode-cache hash table entries: 524288 (order: 10, 4194304 bytes)
[    0.084421] Mount-cache hash table entries: 16384 (order: 5, 131072 bytes)
[    0.088404] Mountpoint-cache hash table entries: 16384 (order: 5, 131072 bytes)
[    0.092985] Last level iTLB entries: 4KB 64, 2MB 8, 4MB 8
[    0.096004] Last level dTLB entries: 4KB 64, 2MB 0, 4MB 0, 1GB 4
[    0.100006] Spectre V1 : Mitigation: usercopy/swapgs barriers and __user pointer sanitization
[    0.104006] Spectre V2 : Mitigation: Full generic retpoline
[    0.108004] Spectre V2 : Spectre v2 / SpectreRSB mitigation: Filling RSB on context switch
[    0.112005] Speculative Store Bypass: Vulnerable
[    0.116038] MDS: Mitigation: Clear CPU buffers
[    0.120137] Freeing SMP alternatives memory: 36K
[    0.237315] smpboot: CPU0: Intel(R) Core(TM) i7-8700 CPU @ 3.20GHz (family: 0x6, model: 0x9e, stepping: 0xa)
[    0.240434] Performance Events: unsupported p6 CPU model 158 no PMU driver, software events only.
[    0.244119] Hierarchical SRCU implementation.
[    0.252547] NMI watchdog: Perf event create on CPU 0 failed with -2
[    0.256005] NMI watchdog: Perf NMI watchdog permanently disabled
[    0.260420] smp: Bringing up secondary CPUs ...
[    0.264769] x86: Booting SMP configuration:
[    0.268006] .... node  #0, CPUs:      #1
[    0.004000] kvm-clock: cpu 1, msr 1:96f53041, secondary cpu clock
[    0.363200] TSC synchronization [CPU#0 -> CPU#1]:
[    0.364000] Measured 55036 cycles TSC warp between CPUs, turning off TSC clock.
[    0.364000] tsc: Marking TSC unstable due to check_tsc_sync_source failed
[    0.364764]  #2
[    0.004000] kvm-clock: cpu 2, msr 1:96f53081, secondary cpu clock
[    0.445648] smp: Brought up 1 node, 3 CPUs
[    0.448007] smpboot: Max logical packages: 1
[    0.452006] smpboot: Total of 3 processors activated (19152.06 BogoMIPS)
[    0.456452] devtmpfs: initialized
[    0.460121] x86/mm: Memory block size: 128MB
[    0.468440] evm: security.selinux
[    0.472005] evm: security.SMACK64
[    0.476004] evm: security.SMACK64EXEC
[    0.480004] evm: security.SMACK64TRANSMUTE
[    0.484004] evm: security.SMACK64MMAP
[    0.488005] evm: security.apparmor
[    0.492006] evm: security.ima
[    0.496004] evm: security.capability
[    0.500810] clocksource: jiffies: mask: 0xffffffff max_cycles: 0xffffffff, max_idle_ns: 7645041785100000 ns
[    0.504015] futex hash table entries: 1024 (order: 4, 65536 bytes)
[    0.508457] pinctrl core: initialized pinctrl subsystem
[    0.512350] RTC time: 10:53:26, date: 08/10/20
[    0.520702] NET: Registered protocol family 16
[    0.524120] audit: initializing netlink subsys (disabled)
[    0.532005] audit: type=2000 audit(1597056806.868:1): state=initialized audit_enabled=0 res=1
[    0.664009] cpuidle: using governor ladder
[    0.668014] cpuidle: using governor menu
[    0.676042] ACPI: bus type PCI registered
[    0.680006] acpiphp: ACPI Hot Plug PCI Controller Driver version: 0.5
[    0.684368] PCI: Using configuration type 1 for base access
[    0.696396] HugeTLB registered 2.00 MiB page size, pre-allocated 0 pages
[    0.708534] ACPI: Added _OSI(Module Device)
[    0.712006] ACPI: Added _OSI(Processor Device)
[    0.716005] ACPI: Added _OSI(3.0 _SCP Extensions)
[    0.720006] ACPI: Added _OSI(Processor Aggregator Device)
[    0.724007] ACPI: Added _OSI(Linux-Dell-Video)
[    0.728008] ACPI: Added _OSI(Linux-Lenovo-NV-HDMI-Audio)
[    0.732008] ACPI: Added _OSI(Linux-HPI-Hybrid-Graphics)
[    0.736607] ACPI: Executed 1 blocks of module-level executable AML code
[    0.746232] ACPI: Interpreter enabled
[    0.748020] ACPI: (supports S0 S5)
[    0.752006] ACPI: Using IOAPIC for interrupt routing
[    0.756324] PCI: Using host bridge windows from ACPI; if necessary, use "pci=nocrs" and report a bug
[    0.760186] ACPI: Enabled 2 GPEs in block 00 to 07
[    0.773560] ACPI: PCI Root Bridge [PCI0] (domain 0000 [bus 00-ff])
[    0.776015] acpi PNP0A03:00: _OSC: OS supports [ASPM ClockPM Segments MSI]
[    0.780611] acpi PNP0A03:00: _OSC: not requesting OS control; OS requires [ExtendedConfig ASPM ClockPM MSI]
[    0.784022] acpi PNP0A03:00: fail to add MMCONFIG information, can't access extended PCI configuration space under this bridge.
[    0.788523] PCI host bridge to bus 0000:00
[    0.792008] pci_bus 0000:00: root bus resource [io  0x0000-0x0cf7 window]
[    0.796008] pci_bus 0000:00: root bus resource [io  0x0d00-0xffff window]
[    0.800007] pci_bus 0000:00: root bus resource [mem 0x000a0000-0x000bffff window]
[    0.804007] pci_bus 0000:00: root bus resource [mem 0xe0000000-0xfdffffff window]
[    0.808008] pci_bus 0000:00: root bus resource [bus 00-ff]
[    0.817947] pci 0000:00:01.1: legacy IDE quirk: reg 0x10: [io  0x01f0-0x01f7]
[    0.820006] pci 0000:00:01.1: legacy IDE quirk: reg 0x14: [io  0x03f6]
[    0.824007] pci 0000:00:01.1: legacy IDE quirk: reg 0x18: [io  0x0170-0x0177]
[    0.828007] pci 0000:00:01.1: legacy IDE quirk: reg 0x1c: [io  0x0376]
[    0.896273] pci 0000:00:07.0: quirk: [io  0x4000-0x403f] claimed by PIIX4 ACPI
[    0.900027] pci 0000:00:07.0: quirk: [io  0x4100-0x410f] claimed by PIIX4 SMB
[    0.911318] ACPI: PCI Interrupt Link [LNKA] (IRQs 5 9 10 *11)
[    0.912508] ACPI: PCI Interrupt Link [LNKB] (IRQs 5 9 *10 11)
[    0.916165] ACPI: PCI Interrupt Link [LNKC] (IRQs 5 *9 10 11)
[    0.920176] ACPI: PCI Interrupt Link [LNKD] (IRQs 5 9 10 *11)
[    0.925172] SCSI subsystem initialized
[    0.928744] pci 0000:00:02.0: vgaarb: setting as boot VGA device
[    0.932000] pci 0000:00:02.0: vgaarb: VGA device added: decodes=io+mem,owns=io+mem,locks=none
[    0.932009] pci 0000:00:02.0: vgaarb: bridge control possible
[    0.936005] vgaarb: loaded
[    0.940032] ACPI: bus type USB registered
[    0.944054] usbcore: registered new interface driver usbfs
[    0.948031] usbcore: registered new interface driver hub
[    0.952210] usbcore: registered new device driver usb
[    0.956506] EDAC MC: Ver: 3.0.0
[    0.964129] PCI: Using ACPI for IRQ routing
[    0.968399] NetLabel: Initializing
[    0.972005] NetLabel:  domain hash size = 128
[    0.976005] NetLabel:  protocols = UNLABELED CIPSOv4 CALIPSO
[    0.980024] NetLabel:  unlabeled traffic allowed by default
[    0.988424] clocksource: Switched to clocksource kvm-clock
[    1.089427] VFS: Disk quotas dquot_6.6.0
[    1.093251] VFS: Dquot-cache hash table entries: 512 (order 0, 4096 bytes)
[    1.195372] AppArmor: AppArmor Filesystem Enabled
[    1.233119] pnp: PnP ACPI init
[    1.252981] pnp: PnP ACPI: found 3 devices
[    1.311730] clocksource: acpi_pm: mask: 0xffffff max_cycles: 0xffffff, max_idle_ns: 2085701024 ns
[    1.312140] NET: Registered protocol family 2
[    1.312140] TCP established hash table entries: 65536 (order: 7, 524288 bytes)
[    1.520803] TCP bind hash table entries: 65536 (order: 8, 1048576 bytes)
[    1.520803] TCP: Hash tables configured (established 65536 bind 65536)
[    1.520803] UDP hash table entries: 4096 (order: 5, 131072 bytes)
[    1.520803] UDP-Lite hash table entries: 4096 (order: 5, 131072 bytes)
[    1.520803] NET: Registered protocol family 1
[    1.520803] pci 0000:00:00.0: Limiting direct PCI/PCI transfers
[    1.520803] pci 0000:00:01.0: Activating ISA DMA hang workarounds
[    1.520803] pci 0000:00:02.0: Video device with shadowed ROM at [mem 0x000c0000-0x000dffff]
[    1.520803] Unpacking initramfs...
[    2.085551] Freeing initrd memory: 19764K
[    2.085551] PCI-DMA: Using software bounce buffering for IO (SWIOTLB)
[    2.085551] software IO TLB: mapped [mem 0xdbff0000-0xdfff0000] (64MB)
[    2.467203] clocksource: tsc: mask: 0xffffffffffffffff max_cycles: 0x2e02cdeec24, max_idle_ns: 440795276831 ns
[    2.527227] platform rtc_cmos: registered platform RTC device (no PNP device found)
[    2.577864] Scanning for low memory corruption every 60 seconds
[    2.616620] Initialise system trusted keyrings
[    2.620099] Key type blacklist registered
[    2.760587] workingset: timestamp_bits=36 max_order=21 bucket_order=0
[    2.764478] zbud: loaded
[    2.764478] squashfs: version 4.0 (2009/01/31) Phillip Lougher
[    2.963087] fuse init (API version 7.26)
[    3.052429] Key type asymmetric registered
[    3.090124] Asymmetric key parser 'x509' registered
[    3.132153] Block layer SCSI generic (bsg) driver version 0.4 loaded (major 246)
[    3.193522] io scheduler noop registered
[    3.224254] io scheduler deadline registered
[    3.254229] io scheduler cfq registered (default)
[    3.296507] ACPI: AC Adapter [AC] (on-line)
[    3.328413] input: Power Button as /devices/LNXSYSTM:00/LNXPWRBN:00/input/input0
[    3.390901] ACPI: Power Button [PWRF]
[    3.435170] input: Sleep Button as /devices/LNXSYSTM:00/LNXSLPBN:00/input/input1
[    3.529710] ACPI: Sleep Button [SLPF]
[    3.557966] Serial: 8250/16550 driver, 32 ports, IRQ sharing enabled
[    3.643318] 00:02: ttyS0 at I/O 0x3f8 (irq = 4, base_baud = 115200) is a 16550A
[    3.746035] Linux agpgart interface v0.103
[    3.794004] loop: module loaded
[    3.838692] scsi host0: ata_piix
[    3.870606] scsi host1: ata_piix
[    3.910073] ata1: PATA max UDMA/33 cmd 0x1f0 ctl 0x3f6 bmdma 0xd000 irq 14
[    3.913973] ata2: PATA max UDMA/33 cmd 0x170 ctl 0x376 bmdma 0xd008 irq 15
[    4.004780] libphy: Fixed MDIO Bus: probed
[    4.046741] tun: Universal TUN/TAP device driver, 1.6
[    4.080768] PPP generic driver version 2.4.2
[    4.084608] ehci_hcd: USB 2.0 'Enhanced' Host Controller (EHCI) Driver
[    4.269038] ehci-pci: EHCI PCI platform driver
[    4.314138] ehci-platform: EHCI generic platform driver
[    4.356445] ohci_hcd: USB 1.1 'Open' Host Controller (OHCI) Driver
[    4.398034] ohci-pci: OHCI PCI platform driver
[    4.434387] ohci-platform: OHCI generic platform driver
[    4.487360] uhci_hcd: USB Universal Host Controller Interface driver
[    4.613813] i8042: PNP: PS/2 Controller [PNP0303:PS2K,PNP0f03:PS2M] at 0x60,0x64 irq 1,12
[    4.674695] serio: i8042 KBD port at 0x60,0x64 irq 1
[    4.677025] serio: i8042 AUX port at 0x60,0x64 irq 12
[    4.677025] mousedev: PS/2 mouse device common for all mice
[    4.842231] input: AT Translated Set 2 keyboard as /devices/platform/i8042/serio0/input/input2
[    4.899573] rtc_cmos rtc_cmos: rtc core: registered rtc_cmos as rtc0
[    4.950490] rtc_cmos rtc_cmos: alarms up to one day, 114 bytes nvram
[    4.996552] i2c /dev entries driver
[    5.033359] device-mapper: uevent: version 1.0.3
[    5.064903] device-mapper: ioctl: 4.37.0-ioctl (2017-09-20) initialised: dm-devel@redhat.com
[    5.118566] ledtrig-cpu: registered to indicate activity on CPUs
[    5.159628] NET: Registered protocol family 10
[    5.200503] Segment Routing with IPv6
[    5.232129] NET: Registered protocol family 17
[    5.282760] Key type dns_resolver registered
[    5.311689] mce: Using 0 MCE banks
[    5.339888] RAS: Correctable Errors collector initialized.
[    5.376131] sched_clock: Marking stable (5376086191, 0)->(16353533750, -10977447559)
[    5.429327] registered taskstats version 1
[    5.502330] Loading compiled-in X.509 certificates
[    5.557138] Loaded X.509 cert 'Build time autogenerated kernel key: 495c641868e7df5e32bc382f03c4f4fc9cad4e78'
[    5.640592] zswap: loaded using pool lzo/zbud
[    5.683124] Key type big_key registered
[    5.733990] Key type trusted registered
[    5.775115] Key type encrypted registered
[    5.806022] AppArmor: AppArmor sha1 policy hashing enabled
[    5.855773] ima: No TPM chip found, activating TPM-bypass! (rc=-19)
[    5.918592] ima: Allocated hash algorithm: sha1
[    5.945165] evm: HMAC attrs: 0x1
[    5.977305]   Magic number: 0:163:881
[    6.005146] rtc_cmos rtc_cmos: setting system clock to 2020-08-10 10:53:34 UTC (1597056814)
[    6.064496] BIOS EDD facility v0.16 2004-Jun-25, 0 devices found
[    6.102764] EDD information not available.
[    6.151228] Freeing unused kernel image memory: 2436K
[    6.201044] Write protecting the kernel read-only data: 20480k
[    6.248101] Freeing unused kernel image memory: 2008K
[    6.280786] Freeing unused kernel image memory: 1872K
[    6.325334] x86/mm: Checked W+X mappings: passed, no W+X pages found.
[    6.390072] x86/mm: Checking user space page tables
[    6.432469] x86/mm: Checked W+X mappings: passed, no W+X pages found.
Loading, please wait...
starting version 237
[    6.589456] Fusion MPT base driver 3.04.20
[    6.625930] Copyright (c) 1999-2008 LSI Corporation
[    6.669265] e1000: Intel(R) PRO/1000 Network Driver - version 7.3.21-k8-NAPI
[    6.724232] e1000: Copyright (c) 1999-2006 Intel Corporation.
[    6.797736] Fusion MPT SPI Host driver 3.04.20
[    6.849617] vboxvideo: loading out-of-tree module taints kernel.
[    6.946414] vboxvideo: module verification failed: signature and/or required key missing - tainting kernel
[    7.093646] input: ImExPS/2 Generic Explorer Mouse as /devices/platform/i8042/serio1/input/input4
[    7.409815] e1000 0000:00:03.0 eth0: (PCI:33MHz:32-bit) 02:a9:4c:67:4e:6e
[    7.480190] e1000 0000:00:03.0 eth0: Intel(R) PRO/1000 Network Connection
[    7.533642] mptbase: ioc0: Initiating bringup
[    7.533773] e1000 0000:00:03.0 enp0s3: renamed from eth0
[    7.684225] ioc0: LSI53C1030 A0: Capabilities={Initiator}
[    8.466232] scsi host2: ioc0: LSI53C1030 A0, FwRev=00000000h, Ports=1, MaxQ=256, IRQ=20
[    8.776636] scsi 2:0:0:0: Direct-Access     VBOX     HARDDISK         1.0  PQ: 0 ANSI: 5
[    8.777772] [drm] VRAM 01000000
[    8.914942] [TTM] Zone  kernel: Available graphics memory: 2979010 kiB
[    8.965444] [TTM] Zone   dma32: Available graphics memory: 2097152 kiB
[    9.031378] [TTM] Initializing pool allocator
[    9.054711] [TTM] Initializing DMA pool allocator
[    9.138386] fbcon: vboxdrmfb (fb0) is primary device
[    9.156201] Console: switching to colour frame buffer device 100x37
[    9.156446] scsi target2:0:0: Beginning Domain Validation
[    9.207676] scsi target2:0:0: Domain Validation skipping write tests
[    9.277570] vboxvideo 0000:00:02.0: fb0: vboxdrmfb frame buffer device
[    9.311551] scsi target2:0:0: Ending Domain Validation
[    9.463176] scsi target2:0:0: asynchronous
[    9.500157] [drm] Initialized vboxvideo 1.0.0 20130823 for 0000:00:02.0 on minor 0
[    9.501451] scsi 2:0:1:0: Direct-Access     VBOX     HARDDISK         1.0  PQ: 0 ANSI: 5
[    9.748740] scsi target2:0:1: Beginning Domain Validation
[    9.812839] scsi target2:0:1: Domain Validation skipping write tests
[    9.853734] scsi target2:0:1: Ending Domain Validation
[    9.911677] scsi target2:0:1: asynchronous
[    9.978767] sd 2:0:0:0: Attached scsi generic sg0 type 0
[    9.980558] sd 2:0:0:0: [sda] 41943040 512-byte logical blocks: (21.5 GB/20.0 GiB)
[   10.050955] sd 2:0:1:0: Attached scsi generic sg1 type 0
[   10.128518] sd 2:0:0:0: [sda] Write Protect is off
[   10.161040] sd 2:0:1:0: [sdb] 20480 512-byte logical blocks: (10.5 MB/10.0 MiB)
[   10.256242] sd 2:0:1:0: [sdb] Write Protect is off
[   10.256293] sd 2:0:0:0: [sda] Incomplete mode parameter data
[   10.397557] sd 2:0:0:0: [sda] Assuming drive cache: write through
[   10.398165] sd 2:0:1:0: [sdb] Incomplete mode parameter data
[   10.517537] sd 2:0:1:0: [sdb] Assuming drive cache: write through
[   10.614576] random: fast init done
[   10.647213]  sda: sda1
[   10.651239] sd 2:0:1:0: [sdb] Attached SCSI disk
[   10.694936] random: systemd-udevd: uninitialized urandom read (16 bytes read)
[   10.744323] sd 2:0:0:0: [sda] Attached SCSI disk
[   10.812736] random: systemd-udevd: uninitialized urandom read (16 bytes read)
[   10.923458] random: systemd-udevd: uninitialized urandom read (16 bytes read)
Begin: Loading essential drivers ... [  184.350269] INFO: rcu_sched self-detected stall on CPU
[  184.350313] INFO: rcu_sched detected stalls on CPUs/tasks:
[  184.416649] 	2-...!: (2 ticks this GP) idle=67a/140000000000001/0 softirq=786/786 fqs=1 
[  184.545872] 	 (t=43299 jiffies g=-179 c=-180 q=255)
[  184.545924] 	2-...!: (2 ticks this GP) idle=67a/140000000000001/0 softirq=786/786 fqs=1 
[  184.624886] rcu_sched kthread starved for 43296 jiffies! g18446744073709551437 c18446744073709551436 f0x0 RCU_GP_WAIT_FQS(3) ->state=0x402 ->cpu=1
[  184.624889] rcu_sched       I    0     8      2 0x80000000
[  184.681761] 	(detected by 1, t=43299 jiffies, g=-179, c=-180, q=255)
[  184.768523] Call Trace:
[  184.807308] Sending NMI from CPU 1 to CPUs 2:
[  184.852428]  __schedule+0x24e/0x880
[  184.875094] NMI backtrace for cpu 2
[  184.875095] CPU: 2 PID: 247 Comm: modprobe Tainted: G           OE    4.15.0-109-generic #110-Ubuntu
[  184.875096] Hardware name: innotek GmbH VirtualBox/VirtualBox, BIOS VirtualBox 12/01/2006
[  184.875096] RIP: 0010:io_serial_in+0x18/0x20
[  184.875096] RSP: 0018:ffff8c32d6d03ad0 EFLAGS: 00010002
[  184.875097] RAX: ffffffff88e18900 RBX: ffffffff8a30be60 RCX: 0000000000000000
[  184.875097] RDX: 00000000000003fd RSI: 0000000000000005 RDI: ffffffff8a30be60
[  184.875097] RBP: ffff8c32d6d03ad0 R08: 0000000000000000 R09: 0000000000000007
[  184.875098] R10: 0000000000000000 R11: ffffffff8a16080d R12: 000000000000270e
[  184.875098] R13: 0000000000000020 R14: ffffffff8a160802 R15: ffffffff8a30be60
[  184.875098] FS:  00007f7391f4a540(0000) GS:ffff8c32d6d00000(0000) knlGS:0000000000000000
[  184.875098] CS:  0010 DS: 0000 ES: 0000 CR0: 0000000080050033
[  184.875099] CR2: 00007f7391f3f305 CR3: 000000018adfa002 CR4: 00000000000206e0
[  184.875099] Call Trace:
[  184.875099]  <IRQ>
[  184.875099]  wait_for_xmitr+0x47/0xb0
[  184.875099]  serial8250_console_putchar+0x1c/0x40
[  184.875100]  ? wait_for_xmitr+0xb0/0xb0
[  184.875100]  uart_console_write+0x4c/0x60
[  184.875100]  serial8250_console_write+0x10a/0x2a0
[  184.875100]  ? msg_print_text+0x80/0x100
[  184.875100]  univ8250_console_write+0x21/0x30
[  184.875101]  console_unlock+0x3cf/0x560
[  184.875101]  vprintk_emit+0x134/0x2c0
[  184.875101]  ? __schedule+0x24e/0x880
[  184.875101]  vprintk_default+0x29/0x50
[  184.875101]  vprintk_func+0x47/0xc0
[  184.875102]  printk+0x52/0x6e
[  184.875102]  ? kernel_text_address+0xe8/0xf0
[  184.875102]  ? __schedule+0x24e/0x880
[  184.875102]  ? __schedule+0x24e/0x880
[  184.875102]  show_trace_log_lvl+0x218/0x3d0
[  184.875103]  ? __schedule+0x24e/0x880
[  184.875103]  ? __schedule+0x24e/0x880
[  184.875103]  show_stack+0x34/0x50
[  184.875103]  sched_show_task+0xfe/0x130
[  184.875103]  rcu_check_gp_kthread_starvation+0xad/0xc0
[  184.875104]  rcu_check_callbacks+0x6c5/0x8e0
[  184.875104]  ? tick_sched_do_timer+0x50/0x50
[  184.875104]  update_process_times+0x2f/0x60
[  184.875104]  tick_sched_handle+0x26/0x70
[  184.875104]  ? tick_sched_do_timer+0x42/0x50
[  184.875105]  tick_sched_timer+0x39/0x80
[  184.875105]  __hrtimer_run_queues+0xdf/0x230
[  184.875105]  hrtimer_interrupt+0xa0/0x1d0
[  184.875105]  smp_apic_timer_interrupt+0x6f/0x140
[  184.875105]  apic_timer_interrupt+0x90/0xa0
[  184.875106]  </IRQ>
[  184.875106] RIP: 0010:raid6_sse21_gen_syndrome+0xba/0x130 [raid6_pq]
[  184.875106] RSP: 0018:ffffa73241247b60 EFLAGS: 00010287 ORIG_RAX: ffffffffffffff11
[  184.875107] RAX: ffffa73241247bd0 RBX: 0000000000001000 RCX: ffffffffc057a600
[  184.875107] RDX: 0000000000000a60 RSI: ffffa73241247c28 RDI: 000000000000000d
[  184.875107] RBP: ffffa73241247b90 R08: ffffa73241247ba8 R09: 0000000000000a60
[  184.875107] R10: ffffa73241247c20 R11: ffffa73241247c18 R12: ffff8c32ca43a000
[  184.875108] R13: ffff8c32ca43b000 R14: ffffa73241247bb0 R15: 0000000000000080
[  184.875108]  init_module+0x118/0x1000 [raid6_pq]
[  184.875108]  ? 0xffffffffc050e000
[  184.875108]  do_one_initcall+0x52/0x19f
[  184.875108]  ? __vunmap+0x8e/0xc0
[  184.875109]  ? _cond_resched+0x19/0x40
[  184.875109]  ? kmem_cache_alloc_trace+0x9f/0x1d0
[  184.875109]  ? do_init_module+0x27/0x213
[  184.875109]  do_init_module+0x5f/0x213
[  184.875109]  load_module+0x16bd/0x1f20
[  184.875110]  ? ima_post_read_file+0x96/0xa0
[  184.875110]  SYSC_finit_module+0xfc/0x120
[  184.875110]  ? SYSC_finit_module+0xfc/0x120
[  184.875110]  SyS_finit_module+0xe/0x10
[  184.875110]  do_syscall_64+0x73/0x130
[  184.875111]  entry_SYSCALL_64_after_hwframe+0x41/0xa6
[  184.875111] RIP: 0033:0x7f7391a4f959
[  184.875111] RSP: 002b:00007ffdbe959768 EFLAGS: 00000246 ORIG_RAX: 0000000000000139
[  184.875112] RAX: ffffffffffffffda RBX: 0000563994c0d7a0 RCX: 00007f7391a4f959
[  184.875112] RDX: 0000000000000000 RSI: 00005639947bfcee RDI: 0000000000000004
[  184.875112] RBP: 00005639947bfcee R08: 0000000000000000 R09: 0000563994c0cd20
[  184.875112] R10: 0000000000000004 R11: 0000000000000246 R12: 0000000000000000
[  184.875113] R13: 0000563994c0d750 R14: 0000000000060000 R15: 0000563994c0cd20
[  184.875113] Code: 48 89 e5 d3 e6 48 63 f6 48 03 77 10 8b 06 5d c3 0f 1f 00 0f 1f 44 00 00 0f b6 8f a1 00 00 00 8b 57 08 55 48 89 e5 d3 e6 01 f2 ec <0f> b6 c0 5d c3 0f 1f 00 0f 1f 44 00 00 0f b6 8f a1 00 00 00 89 
[  184.875169] rcu_sched kthread starved for 43296 jiffies! g18446744073709551437 c18446744073709551436 f0x0 RCU_GP_WAIT_FQS(3) ->state=0x402 ->cpu=1
[  184.909377]  schedule+0x2c/0x80
[  184.937470] rcu_sched       I    0     8      2 0x80000000
[  184.964402]  schedule_timeout+0x15d/0x350
[  185.045909] Call Trace:
[  185.098985]  ? __next_timer_interrupt+0xe0/0xe0
[  185.133017]  __schedule+0x24e/0x880
[  185.169692]  rcu_gp_kthread+0x53a/0x980
[  185.217778]  schedule+0x2c/0x80
[  185.275147]  kthread+0x121/0x140
[  185.346903]  schedule_timeout+0x15d/0x350
[  185.397852]  ? rcu_note_context_switch+0x150/0x150
[  185.449990]  ? __next_timer_interrupt+0xe0/0xe0
[  185.507561]  ? kthread_create_worker_on_cpu+0x70/0x70
[  185.562983]  rcu_gp_kthread+0x53a/0x980
[  185.615846]  ret_from_fork+0x35/0x40
[  185.639511]  kthread+0x121/0x140
[  185.659449] NMI backtrace for cpu 2
[  185.690048]  ? rcu_note_context_switch+0x150/0x150
[  185.727673] CPU: 2 PID: 247 Comm: modprobe Tainted: G           OE    4.15.0-109-generic #110-Ubuntu
[  185.759235]  ? kthread_create_worker_on_cpu+0x70/0x70
[  185.792823] Hardware name: innotek GmbH VirtualBox/VirtualBox, BIOS VirtualBox 12/01/2006
[  185.825403]  ret_from_fork+0x35/0x40
[  185.852718] Call Trace:
[  189.083218]  <IRQ>
[  189.104930]  dump_stack+0x6d/0x8e
[  189.130050]  nmi_cpu_backtrace+0x94/0xa0
[  189.178380]  ? lapic_can_unplug_cpu+0xb0/0xb0
[  189.234977]  nmi_trigger_cpumask_backtrace+0xe7/0x130
[  189.284138]  arch_trigger_cpumask_backtrace+0x19/0x20
[  189.331498]  rcu_dump_cpu_stacks+0xa3/0xdb
[  189.371014]  rcu_check_callbacks+0x6cd/0x8e0
[  189.451540]  ? tick_sched_do_timer+0x50/0x50
[  189.498254]  update_process_times+0x2f/0x60
[  189.537917]  tick_sched_handle+0x26/0x70
[  189.568723]  ? tick_sched_do_timer+0x42/0x50
[  189.604331]  tick_sched_timer+0x39/0x80
[  189.633756]  __hrtimer_run_queues+0xdf/0x230
[  189.664553]  hrtimer_interrupt+0xa0/0x1d0
[  189.694613]  smp_apic_timer_interrupt+0x6f/0x140
[  189.728861]  apic_timer_interrupt+0x90/0xa0
[  189.759210]  </IRQ>
[  189.777242] RIP: 0010:raid6_sse21_gen_syndrome+0xba/0x130 [raid6_pq]
[  189.818243] RSP: 0018:ffffa73241247b60 EFLAGS: 00010287 ORIG_RAX: ffffffffffffff11
[  189.862729] RAX: ffffa73241247bd0 RBX: 0000000000001000 RCX: ffffffffc057a600
[  189.912087] RDX: 0000000000000a60 RSI: ffffa73241247c28 RDI: 000000000000000d
[  189.957501] RBP: ffffa73241247b90 R08: ffffa73241247ba8 R09: 0000000000000a60
[  190.024034] R10: ffffa73241247c20 R11: ffffa73241247c18 R12: ffff8c32ca43a000
[  190.068113] R13: ffff8c32ca43b000 R14: ffffa73241247bb0 R15: 0000000000000080
[  190.113722]  init_module+0x118/0x1000 [raid6_pq]
[  190.144605]  ? 0xffffffffc050e000
[  190.169332]  do_one_initcall+0x52/0x19f
[  190.199635]  ? __vunmap+0x8e/0xc0
[  190.224024]  ? _cond_resched+0x19/0x40
[  190.251450]  ? kmem_cache_alloc_trace+0x9f/0x1d0
[  190.287171]  ? do_init_module+0x27/0x213
[  190.316569]  do_init_module+0x5f/0x213
[  190.343813]  load_module+0x16bd/0x1f20
[  190.372078]  ? ima_post_read_file+0x96/0xa0
[  190.402806]  SYSC_finit_module+0xfc/0x120
[  190.432664]  ? SYSC_finit_module+0xfc/0x120
[  190.464587]  SyS_finit_module+0xe/0x10
[  190.497164]  do_syscall_64+0x73/0x130
[  190.525440]  entry_SYSCALL_64_after_hwframe+0x41/0xa6
[  190.563353] RIP: 0033:0x7f7391a4f959
[  190.591551] RSP: 002b:00007ffdbe959768 EFLAGS: 00000246 ORIG_RAX: 0000000000000139
[  190.640519] RAX: ffffffffffffffda RBX: 0000563994c0d7a0 RCX: 00007f7391a4f959
[  190.684123] RDX: 0000000000000000 RSI: 00005639947bfcee RDI: 0000000000000004
[  190.727582] RBP: 00005639947bfcee R08: 0000000000000000 R09: 0000563994c0cd20
[  190.772555] R10: 0000000000000004 R11: 0000000000000246 R12: 0000000000000000
[  190.818397] R13: 0000563994c0d750 R14: 0000000000060000 R15: 0000563994c0cd20
[  190.861399] raid6: sse2x1   gen() 58956844 MB/s
[  190.948766] raid6: sse2x1   xor() 10551 MB/s
[  192.004712] raid6: sse2x2   gen() 395404 MB/s
[  192.097614] raid6: sse2x2   xor() 12077 MB/s
[  192.172715] raid6: sse2x4   gen() 19772 MB/s
[  192.258688] raid6: sse2x4   xor() 16124 MB/s
[  192.289482] raid6: using algorithm sse2x1 gen() 58956844 MB/s
[  192.326317] raid6: .... xor() 10551 MB/s, rmw enabled
[  192.357827] raid6: using ssse3x2 recovery algorithm
[  192.402780] xor: measuring software checksum speed
[  192.488609]    prefetch64-sse: 23900.000 MB/sec
[  192.556980]    generic_sse: 26824.000 MB/sec
[  192.587617] xor: using function: generic_sse (26824.000 MB/sec)
[  192.636329] async_tx: api initialized (async)
done.
Begin: Running /scripts/init-premount ... done.
Begin: Mounting root file system ... Begin: Running /scripts/local-top ... done.
Begin: Running /scripts/local-premount ... [  192.722052] Btrfs loaded, crc32c=crc32c-intel
Scanning for Btrfs filesystems
done.
Warning: fsck not present, so skipping root file system
[  192.835673] EXT4-fs (sda1): mounted filesystem with ordered data mode. Opts: (null)
done.
Begin: Running /scripts/local-bottom ... done.
Begin: Running /scripts/init-bottom ... done.
[  193.119163] ip_tables: (C) 2000-2006 Netfilter Core Team
[  193.188211] systemd[1]: systemd 237 running in system mode. (+PAM +AUDIT +SELINUX +IMA +APPARMOR +SMACK +SYSVINIT +UTMP +LIBCRYPTSETUP +GCRYPT +GNUTLS +ACL +XZ +LZ4 +SECCOMP +BLKID +ELFUTILS +KMOD -IDN2 +IDN -PCRE2 default-hierarchy=hybrid)
[  193.345163] systemd[1]: Detected virtualization oracle.
[  193.379653] systemd[1]: Detected architecture x86-64.

Welcome to [1mUbuntu 18.04.4 LTS[0m!

[  193.462282] systemd[1]: Set hostname to <ubuntu-bionic>.
[  193.851711] systemd[1]: Reached target User and Group Name Lookups.
[[0;32m  OK  [0m] Reached target User and Group Name Lookups.
[  193.908878] systemd[1]: Started Forward Password Requests to Wall Directory Watch.
[[0;32m  OK  [0m] Started Forward Password Requests to Wall Directory Watch.
[  193.968314] systemd[1]: Reached target Swap.
[[0;32m  OK  [0m] Reached target Swap.
[  194.035273] systemd[1]: Created slice System Slice.
[[0;32m  OK  [0m] Created slice System Slice.
[  194.096355] systemd[1]: Listening on LVM2 metadata daemon socket.
[[0;32m  OK  [0m] Listening on LVM2 metadata daemon socket.
[  194.176431] systemd[1]: Listening on Device-mapper event daemon FIFOs.
[[0;32m  OK  [0m] Listening on Device-mapper event daemon FIFOs.
[[0;32m  OK  [0m] Created slice User and Session Slice.
[[0;32m  OK  [0m] Set up automount Arbitrary Executab…rmats File System Automount Point.
[[0;32m  OK  [0m] Listening on /dev/initctl Compatibility Named Pipe.
[[0;32m  OK  [0m] Listening on LVM2 poll daemon socket.
[[0;32m  OK  [0m] Listening on udev Kernel Socket.
[[0;32m  OK  [0m] Reached target Slices.
[[0;32m  OK  [0m] Created slice system-serial\x2dgetty.slice.
[[0;32m  OK  [0m] Listening on Journal Socket.
         Mounting Kernel Debug File System...
         Mounting Huge Pages File System...
         Starting Remount Root and Kernel File Systems...
[  195.345256] EXT4-fs (sda1): re-mounted. Opts: (null)
         Starting Uncomplicated firewall...
         Mounting POSIX Message Queue File System...
         Starting Set the console keyboard layout...
         Starting Monitoring of LVM2 mirrors…ng dmeventd or progress polling...
[[0;32m  OK  [0m] Listening on Syslog Socket.
[[0;32m  OK  [0m] Reached target System Time Synchronized.
         Starting Load Kernel Modules...
[[0;32m  OK  [0m] Listening on Network Service Netlink Socket.
[[  195.634420] Loading iSCSI transport class v2.0-870.
[0;32m  OK  [0m] Listening on Journal Socket (/dev/log).
         Starting Create list of required st…ce nodes for the current kernel...
[  195.682890] iscsi: registered transport (tcp)
[[0;32m  OK  [0m] Listening on Journal Audit Socket.
         Starting Journal Service...
[  195.749622] iscsi: registered transport (iser)
[[0;32m  OK  [0m] Listening on udev Control Socket.
         Starting udev Coldplug all Devices...
[[0;32m  OK  [0m] Mounted Kernel Debug File System.
[[0;32m  OK  [0m] Mounted Huge Pages File System.
[[0;32m  OK  [0m] Started Remount Root and Kernel File Systems.
[[0;32m  OK  [0m] Started Journal Service.
[[0;32m  OK  [0m] Started Uncomplicated firewall.
[[0;32m  OK  [0m] Mounted POSIX Message Queue File System.
[[0;32m  OK  [0m] Started Set the console keyboard layout.
[[0;32m  OK  [0m] Started Load Kernel Modules.
[[0;32m  OK  [0m] Started Create list of required sta…vice nodes for the current kernel.
[[0;32m  OK  [0m] Started LVM2 metadata daemon.
         Starting Create Static Device Nodes in /dev...
         Mounting Kernel Configuration File System...
         Starting Apply Kernel Variables...
         Mounting FUSE Control File System...
         Starting Load/Save Random Seed...
         Starting Flush Journal to Persistent Storage...
[[0;32m  OK  [0m] Started Monitoring of LVM2 mirrors,…sing dmeventd or progress polling.
[[0;32m  OK  [0m] Started udev Coldplug all Devices.
[[0;32m  OK  [0m] Started Create Static Device Nodes in /dev.
[[0;32m  OK  [0m] Mounted Kernel Configuration File System.
[[0;32m  OK  [0m] Started Apply Kernel Variables.
[[0;32m  OK  [0m] Mounted FUSE Control File System.
[[0;32m  OK  [0m] Started Load/Save Random Seed.
         Starting udev Kernel Device Manager...
[[0;32m  OK  [0m] Reached target Local File Systems (Pre).
[[0;32m  OK  [0m] Reached target Local File Systems.
         Starting AppArmor initialization...
         Starting Set console font and keymap...
         Starting Tell Plymouth To Write Out Runtime Data...
         Starting ebtables ruleset management...
[[0;32m  OK  [0m] Started udev Kernel Device Manager.
[[0;32m  OK  [0m] Started Set console font and keymap.
[[0;32m  OK  [0m] Started Tell Plymouth To Write Out Runtime Data.
[[0;32m  OK  [0m] Started Dispatch Password Requests to Console Directory Watch.
[[0;32m  OK  [0m] Reached target Local Encrypted Volumes.
[[0;32m  OK  [0m] Started ebtables ruleset management.
[[0;32m  OK  [0m] Started Flush Journal to Persistent Storage.
[[0;32m  OK  [0m] Found device /dev/ttyS0.
         Starting Create Volatile Files and Directories...
[[0;32m  OK  [0m] Listening on Load/Save RF Kill Switch Status /dev/rfkill Watch.
[[0;32m  OK  [0m] Started Create Volatile Files and Directories.
         Starting Update UTMP about System Boot/Shutdown...
[[0;32m  OK  [0m] Started Update UTMP about System Boot/Shutdown.
[[0;32m  OK  [0m] Started AppArmor initialization.
         Starting Initial cloud-init job (pre-networking)...
[  198.129363] cloud-init[547]: Cloud-init v. 19.4-33-gbb4131a2-0ubuntu1~18.04.1 running 'init-local' at Mon, 10 Aug 2020 10:56:46 +0000. Up 197.90 seconds.
[[0;32m  OK  [0m] Started Initial cloud-init job (pre-networking).
[[0;32m  OK  [0m] Reached target Network (Pre).
         Starting Network Service...
[[0;32m  OK  [0m] Started Network Service.
         Starting Wait for Network to be Configured...
         Starting Network Name Resolution...
[[0;32m  OK  [0m] Started Network Name Resolution.
[[0;32m  OK  [0m] Reached target Network.
[[0;32m  OK  [0m] Reached target Host and Network Name Lookups.
[[0;32m  OK  [0m] Started Wait for Network to be Configured.
         Starting Initial cloud-init job (metadata service crawler)...
[  199.879022] cloud-init[682]: Cloud-init v. 19.4-33-gbb4131a2-0ubuntu1~18.04.1 running 'init' at Mon, 10 Aug 2020 10:56:48 +0000. Up 199.76 seconds.
[  199.896353] cloud-init[682]: ci-info: ++++++++++++++++++++++++++++++++++++++Net device info++++++++++++++++++++++++++++++++++++++
[  199.912247] cloud-init[682]: ci-info: +--------+------+----------------------------+---------------+--------+-------------------+
[  199.928340] cloud-init[682]: ci-info: | Device |  Up  |          Address           |      Mask     | Scope  |     Hw-Address    |
[  199.944360] cloud-init[682]: ci-info: +--------+------+----------------------------+---------------+--------+-------------------+
[  199.960365] cloud-init[682]: ci-info: | enp0s3 | True |         10.0.2.15          | 255.255.255.0 | global | 02:a9:4c:67:4e:6e |
[  199.976233] cloud-init[682]: ci-info: | enp0s3 | True | fe80::a9:4cff:fe67:4e6e/64 |       .       |  link  | 02:a9:4c:67:4e:6e |
[  199.992397] cloud-init[682]: ci-info: |   lo   | True |         127.0.0.1          |   255.0.0.0   |  host  |         .         |
[  200.009047] cloud-init[682]: ci-info: |   lo   | True |          ::1/128           |       .       |  host  |         .         |
[[0;32m  OK  [0m] Started Initial cloud-init job (metadata service crawler).
[  200.047520] cloud-init[682]: ci-info: +--------+------+----------------------------+---------------+--------+-------------------+
[  200.080828] [cloud-init[0;32m  OK  [0m[682]: ] ci-info: ++++++++++++++++++++++++++++Route IPv4 info+++++++++++++++++++++++++++++Reached target Network is Online.

[  200.100358]          cloud-initStarting Availability of block devices...[682]: 
ci-info: +-------+-------------+----------+-----------------+-----------+-------+
[  200.116980] [cloud-init[0;32m  OK  [0m[682]: ] ci-info: | Route | Destination | Gateway  |     Genmask     | Interface | Flags |Reached target Remote File Systems (Pre).

[  200.190178] [cloud-init[0;32m  OK  [0m[682]: ] ci-info: +-------+-------------+----------+-----------------+-----------+-------+Reached target Remote File Systems.

[  200.244753] [[0;32m  OK  [0m] Reached target Cloud-config availability.
[[0;32m  OK  [0m] Reached target System Initialization.
cloud-init[682]: ci-info: |   0   |   0.0.0.0   | 10.0.2.2 |     0.0.0.0     |   enp0s3  |   UG  |
[  200.268890] [cloud-init[0;32m  OK  [0m[682]: ] ci-info: |   1   |   10.0.2.0  | 0.0.0.0  |  255.255.255.0  |   enp0s3  |   U   |Listening on Open-iSCSI iscsid Socket.

[[0;32m  OK  [0m] Listening on UUID daemon activation socket.
[  200.284961] cloud-init[682]: ci-info: |   2   |   10.0.2.2  | 0.0.0.0  | 255.255.255.255 |   enp0s3  |   UH  |
[  200.310035] [cloud-init[0;32m  OK  [0m[682]: ] ci-info: +-------+-------------+----------+-----------------+-----------+-------+Started Daily Cleanup of Temporary Directories.

[[0;32m  OK  [0m] Listening on ACPID Listen Socket.
[  200.348941] cloud-init[682]: ci-info: +++++++++++++++++++Route IPv6 info+++++++++++++++++++
         Starting LXD - unix socket.
[  200.376818] cloud-init[682]: ci-info: +-------+-------------+---------+-----------+-------+
[  200.392395]          cloud-initStarting Socket activation for snappy daemon.[682]: 
ci-info: | Route | Destination | Gateway | Interface | Flags |
[[  200.408970] [0;32m  OK  [0mcloud-init] [682]: Started Discard unused blocks once a week.ci-info: +-------+-------------+---------+-----------+-------+

[  200.409042] cloud-init[682]: ci-info: |   1   |  fe80::/64  |    ::   |   enp0s3  |   U   |
[[0;32m  OK  [0m] Started Message of the Day.
[  200.425999] cloud-init[682]: ci-info: |   3   |    local    |    ::   |   enp0s3  |   U   |
         [  200.452961] Starting Docker Socket for the API.cloud-init
[682]: ci-info: |   4   |   ff00::/8  |    ::   |   enp0s3  |   U   |
[  200.468643] cloud-init[682]: ci-info: +-------+-------------+---------+-----------+-------+
[[0;32m  OK  [0m] Listening on D-Bus System Message Bus Socket.
[[0;32m  OK  [0m] Started ACPI Events Check.
[[0;32m  OK  [0m] Reached target Paths.
[[0;32m  OK  [0m] Started Daily apt download activities.
[[0;32m  OK  [0m] Started Daily apt upgrade and clean activities.
[[0;32m  OK  [0m] Reached target Timers.
[[0;32m  OK  [0m] Started Availability of block devices.
[[0;32m  OK  [0m] Listening on LXD - unix socket.
[[0;32m  OK  [0m] Listening on Socket activation for snappy daemon.
[[0;32m  OK  [0m] Listening on Docker Socket for the API.
[[0;32m  OK  [0m] Reached target Sockets.
[[0;32m  OK  [0m] Reached target Basic System.
         Starting containerd container runtime...
         Starting LSB: Record successful boot for GRUB...
[[0;32m  OK  [0m] Started FUSE filesystem for LXC.
         Starting Login Service...
[[0;32m  OK  [0m] Started irqbalance daemon.
         Starting LSB: automatic crash report generation...
[[0;32m  OK  [0m] Started Regular background program processing daemon.
         Starting Accounts Service...
         Starting Snappy daemon...
         Starting LXD - container startup/shutdown...
         Starting System Logging Service...
[[0;32m  OK  [0m] Started Deferred execution scheduler.
         Starting vboxadd.service...
         Starting Permit User Sessions...
         Starting Dispatcher daemon for systemd-networkd...
[[0;32m  OK  [0m] Started D-Bus System Message Bus.
[[0;32m  OK  [0m] Started Login Service.
         Starting OpenBSD Secure Shell server...
[[0;32m  OK  [0m] Started Unattended Upgrades Shutdown.
[[0;32m  OK  [0m] Started System Logging Service.
[[0;32m  OK  [0m] Started containerd container runtime.
[[0;1;31mFAILED[0m] Failed to start Snappy daemon.
See 'systemctl status snapd.service' for details.
[[0;32m  OK  [0m] Started LXD - container startup/shutdown.
[[0;32m  OK  [0m] Started Permit User Sessions.
[[0;32m  OK  [0m] Started OpenBSD Secure Shell server.
[[0;32m  OK  [0m] Stopped Snappy daemon.
         Starting Snappy daemon...
         Starting Authorization Manager...
         Starting Hold until boot process finishes up...
         Starting Terminate Plymouth Boot Screen...
         Starting Docker Application Container Engine...
[[0;32m  OK  [0m] Started Dispatcher daemon for systemd-networkd.
[[0;32m  OK  [0m] Started LSB: Record successful boot for GRUB.
[[0;32m  OK  [0m] Started LSB: automatic crash report generation.
[[0;1;31mFAILED[0m] Failed to start Snappy daemon.
See 'systemctl status snapd.service' for details.
[[0;32m  OK  [0m] Started Hold until boot process finishes up.
[[0;32m  OK  [0m] Started Terminate Plymouth Boot Screen.
[[0;32m  OK  [0m] Started Authorization Manager.
[[0;32m  OK  [0m] Started Accounts Service.
[[0;32m  OK  [0m] Started Serial Getty on ttyS0.
         Starting Set console scheme...
         Starting Wait until snapd is fully seeded...
[[0;32m  OK  [0m] Stopped Snappy daemon.
         Starting Snappy daemon...
[[0;1;31mFAILED[0m] Failed to start Snappy daemon.
See 'systemctl status snapd.service' for details.
[[0;32m  OK  [0m] Started Set console scheme.
[[0;32m  OK  [0m] Created slice system-getty.slice.
[[0;32m  OK  [0m] Started Getty on tty1.
[[0;32m  OK  [0m] Reached target Login Prompts.
[[0;32m  OK  [0m] Stopped Snappy daemon.
         Starting Snappy daemon...
[[0;32m  OK  [0m] Started Snappy daemon.
[[0;32m  OK  [0m] Started Wait until snapd is fully seeded.
         Starting Apply the settings specified in cloud-config...
[  204.550632] cloud-init[1323]: Cloud-init v. 19.4-33-gbb4131a2-0ubuntu1~18.04.1 running 'modules:config' at Mon, 10 Aug 2020 10:56:52 +0000. Up 204.43 seconds.
[[0;32m  OK  [0m] Started Apply the settings specified in cloud-config.
[[0;32m  OK  [0m] Started vboxadd.service.
         Starting vboxadd-service.service...
[[0;32m  OK  [0m] Started vboxadd-service.service.
[[0;32m  OK  [0m] Created slice User Slice of vagrant.
[[0;32m  OK  [0m] Started Docker Application Container Engine.
         Starting User Manager for UID 1000...
[[0;32m  OK  [0m] Reached target Multi-User System.
         Starting Execute cloud user/final scripts...
[[0;32m  OK  [0m] Reached target Graphical Interface.
         Starting Update UTMP about System Runlevel Changes...
[[0;32m  OK  [0m] Started User Manager for UID 1000.
[[0;32m  OK  [0m] Started Session 1 of user vagrant.
[[0;32m  OK  [0m] Started Update UTMP about System Runlevel Changes.
[  205.958933] cloud-init[1654]: Cloud-init v. 19.4-33-gbb4131a2-0ubuntu1~18.04.1 running 'modules:final' at Mon, 10 Aug 2020 10:56:54 +0000. Up 205.83 seconds.
[  205.981165] cloud-init[1654]: Cloud-init v. 19.4-33-gbb4131a2-0ubuntu1~18.04.1 finished at Mon, 10 Aug 2020 10:56:54 +0000. Datasource DataSourceNoCloud [seed=/dev/sdb][dsmode=net].  Up 205.95 seconds
[[0;32m  OK  [0m] Started Execute cloud user/final scripts.
[[0;32m  OK  [0m] Reached target Cloud-init target.

Ubuntu 18.04.4 LTS ubuntu-bionic ttyS0

ubuntu-bionic login: 