[    0.000000] Linux version 4.15.0-109-generic (buildd@lgw01-amd64-010) (gcc version 7.5.0 (Ubuntu 7.5.0-3ubuntu1~18.04)) #110-Ubuntu SMP Tue Jun 23 02:39:32 UTC 2020 (Ubuntu 4.15.0-109.110-generic 4.15.18)
[    0.000000] Command line: BOOT_IMAGE=/boot/vmlinuz-4.15.0-109-generic root=LABEL=cloudimg-rootfs ro console=tty1 console=ttyS0
[    0.000000] KERNEL supported cpus:
[    0.000000]   Intel GenuineIntel
[    0.000000]   AMD AuthenticAMD
[    0.000000]   Centaur CentaurHauls
[    0.000000] x86/fpu: x87 FPU will use FXSAVE
[    0.000000] e820: BIOS-provided physical RAM map:
[    0.000000] BIOS-e820: [mem 0x0000000000000000-0x000000000009fbff] usable
[    0.000000] BIOS-e820: [mem 0x000000000009fc00-0x000000000009ffff] reserved
[    0.000000] BIOS-e820: [mem 0x00000000000f0000-0x00000000000fffff] reserved
[    0.000000] BIOS-e820: [mem 0x0000000000100000-0x000000007ffeffff] usable
[    0.000000] BIOS-e820: [mem 0x000000007fff0000-0x000000007fffffff] ACPI data
[    0.000000] BIOS-e820: [mem 0x00000000fec00000-0x00000000fec00fff] reserved
[    0.000000] BIOS-e820: [mem 0x00000000fee00000-0x00000000fee00fff] reserved
[    0.000000] BIOS-e820: [mem 0x00000000fffc0000-0x00000000ffffffff] reserved
[    0.000000] NX (Execute Disable) protection: active
[    0.000000] SMBIOS 2.5 present.
[    0.000000] DMI: innotek GmbH VirtualBox/VirtualBox, BIOS VirtualBox 12/01/2006
[    0.000000] Hypervisor detected: KVM
[    0.000000] e820: last_pfn = 0x7fff0 max_arch_pfn = 0x400000000
[    0.000000] MTRR: Disabled
[    0.000000] x86/PAT: MTRRs disabled, skipping PAT initialization too.
[    0.000000] CPU MTRRs all blank - virtualized system.
[    0.000000] x86/PAT: Configuration [0-7]: WB  WT  UC- UC  WB  WT  UC- UC  
[    0.000000] found SMP MP-table at [mem 0x0009fff0-0x0009ffff]
[    0.000000] Scanning 1 areas for low memory corruption
[    0.000000] RAMDISK: [mem 0x35a69000-0x36d2bfff]
[    0.000000] ACPI: Early table checksum verification disabled
[    0.000000] ACPI: RSDP 0x00000000000E0000 000024 (v02 VBOX  )
[    0.000000] ACPI: XSDT 0x000000007FFF0030 00003C (v01 VBOX   VBOXXSDT 00000001 ASL  00000061)
[    0.000000] ACPI: FACP 0x000000007FFF00F0 0000F4 (v04 VBOX   VBOXFACP 00000001 ASL  00000061)
[    0.000000] ACPI: DSDT 0x000000007FFF0470 002325 (v02 VBOX   VBOXBIOS 00000002 INTL 20100528)
[    0.000000] ACPI: FACS 0x000000007FFF0200 000040
[    0.000000] ACPI: FACS 0x000000007FFF0200 000040
[    0.000000] ACPI: APIC 0x000000007FFF0240 00005C (v02 VBOX   VBOXAPIC 00000001 ASL  00000061)
[    0.000000] ACPI: SSDT 0x000000007FFF02A0 0001CC (v01 VBOX   VBOXCPUT 00000002 INTL 20100528)
[    0.000000] No NUMA configuration found
[    0.000000] Faking a node at [mem 0x0000000000000000-0x000000007ffeffff]
[    0.000000] NODE_DATA(0) allocated [mem 0x7ffc5000-0x7ffeffff]
[    0.000000] kvm-clock: cpu 0, msr 0:7ff44001, primary cpu clock
[    0.000000] kvm-clock: Using msrs 4b564d01 and 4b564d00
[    0.000000] kvm-clock: using sched offset of 4444234306 cycles
[    0.000000] clocksource: kvm-clock: mask: 0xffffffffffffffff max_cycles: 0x1cd42e4dffb, max_idle_ns: 881590591483 ns
[    0.000000] Zone ranges:
[    0.000000]   DMA      [mem 0x0000000000001000-0x0000000000ffffff]
[    0.000000]   DMA32    [mem 0x0000000001000000-0x000000007ffeffff]
[    0.000000]   Normal   empty
[    0.000000]   Device   empty
[    0.000000] Movable zone start for each node
[    0.000000] Early memory node ranges
[    0.000000]   node   0: [mem 0x0000000000001000-0x000000000009efff]
[    0.000000]   node   0: [mem 0x0000000000100000-0x000000007ffeffff]
[    0.000000] Reserved but unavailable: 98 pages
[    0.000000] Initmem setup node 0 [mem 0x0000000000001000-0x000000007ffeffff]
[    0.000000] ACPI: PM-Timer IO Port: 0x4008
[    0.000000] IOAPIC[0]: apic_id 2, version 32, address 0xfec00000, GSI 0-23
[    0.000000] ACPI: INT_SRC_OVR (bus 0 bus_irq 0 global_irq 2 dfl dfl)
[    0.000000] ACPI: INT_SRC_OVR (bus 0 bus_irq 9 global_irq 9 low level)
[    0.000000] Using ACPI (MADT) for SMP configuration information
[    0.000000] smpboot: Allowing 2 CPUs, 0 hotplug CPUs
[    0.000000] PM: Registered nosave memory: [mem 0x00000000-0x00000fff]
[    0.000000] PM: Registered nosave memory: [mem 0x0009f000-0x0009ffff]
[    0.000000] PM: Registered nosave memory: [mem 0x000a0000-0x000effff]
[    0.000000] PM: Registered nosave memory: [mem 0x000f0000-0x000fffff]
[    0.000000] e820: [mem 0x80000000-0xfebfffff] available for PCI devices
[    0.000000] Booting paravirtualized kernel on KVM
[    0.000000] clocksource: refined-jiffies: mask: 0xffffffff max_cycles: 0xffffffff, max_idle_ns: 7645519600211568 ns
[    0.000000] random: get_random_bytes called from start_kernel+0x99/0x500 with crng_init=0
[    0.000000] setup_percpu: NR_CPUS:8192 nr_cpumask_bits:2 nr_cpu_ids:2 nr_node_ids:1
[    0.000000] percpu: Embedded 45 pages/cpu s147456 r8192 d28672 u1048576
[    0.000000] PV qspinlock hash table entries: 256 (order: 0, 4096 bytes)
[    0.000000] Built 1 zonelists, mobility grouping on.  Total pages: 515961
[    0.000000] Policy zone: DMA32
[    0.000000] Kernel command line: BOOT_IMAGE=/boot/vmlinuz-4.15.0-109-generic root=LABEL=cloudimg-rootfs ro console=tty1 console=ttyS0
[    0.000000] Memory: 2015232K/2096696K available (12300K kernel code, 2481K rwdata, 4272K rodata, 2436K init, 2720K bss, 81464K reserved, 0K cma-reserved)
[    0.000000] SLUB: HWalign=64, Order=0-3, MinObjects=0, CPUs=2, Nodes=1
[    0.000000] Kernel/User page tables isolation: enabled
[    0.000000] ftrace: allocating 39378 entries in 154 pages
[    0.004000] Hierarchical RCU implementation.
[    0.004000] 	RCU restricting CPUs from NR_CPUS=8192 to nr_cpu_ids=2.
[    0.004000] 	Tasks RCU enabled.
[    0.004000] RCU: Adjusting geometry for rcu_fanout_leaf=16, nr_cpu_ids=2
[    0.004000] NR_IRQS: 524544, nr_irqs: 440, preallocated irqs: 16
[    0.004000] Console: colour VGA+ 80x25
[    0.004000] console [tty1] enabled
[    0.004000] console [ttyS0] enabled
[    0.004000] ACPI: Core revision 20170831
[    0.004000] ACPI: 2 ACPI AML tables successfully acquired and loaded
[    0.004000] APIC: Switch to symmetric I/O mode setup
[    0.008000] ..TIMER: vector=0x30 apic1=0 pin1=2 apic2=-1 pin2=-1
[    0.008004] tsc: Detected 3192.010 MHz processor
[    0.012009] Calibrating delay loop (skipped) preset value.. 6384.02 BogoMIPS (lpj=12768040)
[    0.016003] pid_max: default: 32768 minimum: 301
[    0.020066] Security Framework initialized
[    0.024004] Yama: becoming mindful.
[    0.028085] AppArmor: AppArmor initialized
[    0.044474] Dentry cache hash table entries: 262144 (order: 9, 2097152 bytes)
[    0.056711] Inode-cache hash table entries: 131072 (order: 8, 1048576 bytes)
[    0.060124] Mount-cache hash table entries: 4096 (order: 3, 32768 bytes)
[    0.064108] Mountpoint-cache hash table entries: 4096 (order: 3, 32768 bytes)
[    0.068933] Last level iTLB entries: 4KB 64, 2MB 8, 4MB 8
[    0.072002] Last level dTLB entries: 4KB 64, 2MB 0, 4MB 0, 1GB 4
[    0.076003] Spectre V1 : Mitigation: usercopy/swapgs barriers and __user pointer sanitization
[    0.080002] Spectre V2 : Mitigation: Full generic retpoline
[    0.084002] Spectre V2 : Spectre v2 / SpectreRSB mitigation: Filling RSB on context switch
[    0.088002] Speculative Store Bypass: Vulnerable
[    0.092035] MDS: Mitigation: Clear CPU buffers
[    0.096133] Freeing SMP alternatives memory: 36K
[    0.212633] smpboot: CPU0: Intel(R) Core(TM) i7-8700 CPU @ 3.20GHz (family: 0x6, model: 0x9e, stepping: 0xa)
[    0.216469] Performance Events: unsupported p6 CPU model 158 no PMU driver, software events only.
[    0.220091] Hierarchical SRCU implementation.
[    0.224659] NMI watchdog: Perf event create on CPU 0 failed with -2
[    0.228002] NMI watchdog: Perf NMI watchdog permanently disabled
[    0.232262] smp: Bringing up secondary CPUs ...
[    0.236778] x86: Booting SMP configuration:
[    0.240002] .... node  #0, CPUs:      #1
[    0.004000] kvm-clock: cpu 1, msr 0:7ff44041, secondary cpu clock
[    0.307415] TSC synchronization [CPU#0 -> CPU#1]:
[    0.308000] Measured 52203 cycles TSC warp between CPUs, turning off TSC clock.
[    0.308000] tsc: Marking TSC unstable due to check_tsc_sync_source failed
[    0.316219] smp: Brought up 1 node, 2 CPUs
[    0.320007] smpboot: Max logical packages: 1
[    0.324005] smpboot: Total of 2 processors activated (12768.04 BogoMIPS)
[    0.332038] devtmpfs: initialized
[    0.336091] x86/mm: Memory block size: 128MB
[    0.340480] evm: security.selinux
[    0.344003] evm: security.SMACK64
[    0.348002] evm: security.SMACK64EXEC
[    0.352002] evm: security.SMACK64TRANSMUTE
[    0.356002] evm: security.SMACK64MMAP
[    0.360003] evm: security.apparmor
[    0.364003] evm: security.ima
[    0.368004] evm: security.capability
[    0.372592] clocksource: jiffies: mask: 0xffffffff max_cycles: 0xffffffff, max_idle_ns: 7645041785100000 ns
[    0.376014] futex hash table entries: 512 (order: 3, 32768 bytes)
[    0.380353] pinctrl core: initialized pinctrl subsystem
[    0.388102] RTC time:  9:34:01, date: 07/09/20
[    0.392939] NET: Registered protocol family 16
[    0.396146] audit: initializing netlink subsys (disabled)
[    0.400162] audit: type=2000 audit(1594287242.669:1): state=initialized audit_enabled=0 res=1
[    0.492006] cpuidle: using governor ladder
[    0.496007] cpuidle: using governor menu
[    0.500036] ACPI: bus type PCI registered
[    0.504003] acpiphp: ACPI Hot Plug PCI Controller Driver version: 0.5
[    0.508335] PCI: Using configuration type 1 for base access
[    0.516320] HugeTLB registered 2.00 MiB page size, pre-allocated 0 pages
[    0.528274] ACPI: Added _OSI(Module Device)
[    0.532006] ACPI: Added _OSI(Processor Device)
[    0.536006] ACPI: Added _OSI(3.0 _SCP Extensions)
[    0.540006] ACPI: Added _OSI(Processor Aggregator Device)
[    0.544007] ACPI: Added _OSI(Linux-Dell-Video)
[    0.592004] ACPI: Added _OSI(Linux-Lenovo-NV-HDMI-Audio)
[    0.652004] ACPI: Added _OSI(Linux-HPI-Hybrid-Graphics)
[    0.700041] ACPI: Executed 1 blocks of module-level executable AML code
[    0.745149] ACPI: Interpreter enabled
[    0.768011] ACPI: (supports S0 S5)
[    0.788003] ACPI: Using IOAPIC for interrupt routing
[    0.820332] PCI: Using host bridge windows from ACPI; if necessary, use "pci=nocrs" and report a bug
[    0.880170] ACPI: Enabled 2 GPEs in block 00 to 07
[    0.918244] ACPI: PCI Root Bridge [PCI0] (domain 0000 [bus 00-ff])
[    0.956006] acpi PNP0A03:00: _OSC: OS supports [ASPM ClockPM Segments MSI]
[    1.000567] acpi PNP0A03:00: _OSC: not requesting OS control; OS requires [ExtendedConfig ASPM ClockPM MSI]
[    1.060016] acpi PNP0A03:00: fail to add MMCONFIG information, can't access extended PCI configuration space under this bridge.
[    1.132472] PCI host bridge to bus 0000:00
[    1.160004] pci_bus 0000:00: root bus resource [io  0x0000-0x0cf7 window]
[    1.216004] pci_bus 0000:00: root bus resource [io  0x0d00-0xffff window]
[    1.260003] pci_bus 0000:00: root bus resource [mem 0x000a0000-0x000bffff window]
[    1.308003] pci_bus 0000:00: root bus resource [mem 0x80000000-0xfdffffff window]
[    1.368007] pci_bus 0000:00: root bus resource [bus 00-ff]
[    1.420359] pci 0000:00:01.1: legacy IDE quirk: reg 0x10: [io  0x01f0-0x01f7]
[    1.508007] pci 0000:00:01.1: legacy IDE quirk: reg 0x14: [io  0x03f6]
[    1.580007] pci 0000:00:01.1: legacy IDE quirk: reg 0x18: [io  0x0170-0x0177]
[    1.716008] pci 0000:00:01.1: legacy IDE quirk: reg 0x1c: [io  0x0376]
[    1.804948] pci 0000:00:07.0: quirk: [io  0x4000-0x403f] claimed by PIIX4 ACPI
[    1.900026] pci 0000:00:07.0: quirk: [io  0x4100-0x410f] claimed by PIIX4 SMB
[    1.984237] ACPI: PCI Interrupt Link [LNKA] (IRQs 5 9 10 *11)
[    1.992144] ACPI: PCI Interrupt Link [LNKB] (IRQs 5 9 *10 11)
[    1.996165] ACPI: PCI Interrupt Link [LNKC] (IRQs 5 *9 10 11)
[    2.000139] ACPI: PCI Interrupt Link [LNKD] (IRQs 5 9 10 *11)
[    2.004655] SCSI subsystem initialized
[    2.008313] pci 0000:00:02.0: vgaarb: setting as boot VGA device
[    2.012000] pci 0000:00:02.0: vgaarb: VGA device added: decodes=io+mem,owns=io+mem,locks=none
[    2.012005] pci 0000:00:02.0: vgaarb: bridge control possible
[    2.016004] vgaarb: loaded
[    2.020053] ACPI: bus type USB registered
[    2.024066] usbcore: registered new interface driver usbfs
[    2.028014] usbcore: registered new interface driver hub
[    2.032118] usbcore: registered new device driver usb
[    2.036357] EDAC MC: Ver: 3.0.0
[    2.044006] PCI: Using ACPI for IRQ routing
[    2.048490] NetLabel: Initializing
[    2.052002] NetLabel:  domain hash size = 128
[    2.056002] NetLabel:  protocols = UNLABELED CIPSOv4 CALIPSO
[    2.060023] NetLabel:  unlabeled traffic allowed by default
[    2.064274] clocksource: Switched to clocksource kvm-clock
[    2.154590] VFS: Disk quotas dquot_6.6.0
[    2.158370] VFS: Dquot-cache hash table entries: 512 (order 0, 4096 bytes)
[    2.158370] AppArmor: AppArmor Filesystem Enabled
[    2.158370] pnp: PnP ACPI init
[    2.158370] pnp: PnP ACPI: found 3 devices
[    2.396180] clocksource: acpi_pm: mask: 0xffffff max_cycles: 0xffffff, max_idle_ns: 2085701024 ns
[    2.400141] NET: Registered protocol family 2
[    2.552124] TCP established hash table entries: 16384 (order: 5, 131072 bytes)
[    2.556021] TCP bind hash table entries: 16384 (order: 6, 262144 bytes)
[    2.556021] TCP: Hash tables configured (established 16384 bind 16384)
[    2.556021] UDP hash table entries: 1024 (order: 3, 32768 bytes)
[    2.741696] UDP-Lite hash table entries: 1024 (order: 3, 32768 bytes)
[    2.745559] NET: Registered protocol family 1
[    2.745559] pci 0000:00:00.0: Limiting direct PCI/PCI transfers
[    2.745559] pci 0000:00:01.0: Activating ISA DMA hang workarounds
[    2.745559] pci 0000:00:02.0: Video device with shadowed ROM at [mem 0x000c0000-0x000dffff]
[    2.745559] Unpacking initramfs...
[    3.372283] Freeing initrd memory: 19212K
[    3.403231] clocksource: tsc: mask: 0xffffffffffffffff max_cycles: 0x2e02cdeec24, max_idle_ns: 440795276831 ns
[    3.472078] platform rtc_cmos: registered platform RTC device (no PNP device found)
[    3.526215] Scanning for low memory corruption every 60 seconds
[    3.563539] Initialise system trusted keyrings
[    3.597703] Key type blacklist registered
[    3.622966] workingset: timestamp_bits=36 max_order=19 bucket_order=0
[    3.711375] zbud: loaded
[    3.729709] squashfs: version 4.0 (2009/01/31) Phillip Lougher
[    3.771436] fuse init (API version 7.26)
[    3.856933] Key type asymmetric registered
[    3.882715] Asymmetric key parser 'x509' registered
[    3.913059] Block layer SCSI generic (bsg) driver version 0.4 loaded (major 246)
[    3.962187] io scheduler noop registered
[    3.987419] io scheduler deadline registered
[    4.016314] io scheduler cfq registered (default)
[    4.047398] ACPI: AC Adapter [AC] (on-line)
[    4.073317] input: Power Button as /devices/LNXSYSTM:00/LNXPWRBN:00/input/input0
[    4.129474] ACPI: Power Button [PWRF]
[    4.192181] input: Sleep Button as /devices/LNXSYSTM:00/LNXSLPBN:00/input/input1
[    4.241819] ACPI: Sleep Button [SLPF]
[    4.269281] Serial: 8250/16550 driver, 32 ports, IRQ sharing enabled
[    4.346993] 00:02: ttyS0 at I/O 0x3f8 (irq = 4, base_baud = 115200) is a 16550A
[    4.397733] Linux agpgart interface v0.103
[    4.430769] loop: module loaded
[    4.454503] scsi host0: ata_piix
[    4.477460] scsi host1: ata_piix
[    4.505041] ata1: PATA max UDMA/33 cmd 0x1f0 ctl 0x3f6 bmdma 0xd000 irq 14
[    4.548056] ata2: PATA max UDMA/33 cmd 0x170 ctl 0x376 bmdma 0xd008 irq 15
[    4.591920] libphy: Fixed MDIO Bus: probed
[    4.630454] tun: Universal TUN/TAP device driver, 1.6
[    4.694194] PPP generic driver version 2.4.2
[    4.730947] ehci_hcd: USB 2.0 'Enhanced' Host Controller (EHCI) Driver
[    4.775210] ehci-pci: EHCI PCI platform driver
[    4.803095] ehci-platform: EHCI generic platform driver
[    4.835341] ohci_hcd: USB 1.1 'Open' Host Controller (OHCI) Driver
[    4.883780] ohci-pci: OHCI PCI platform driver
[    4.911582] ohci-platform: OHCI generic platform driver
[    4.915526] uhci_hcd: USB Universal Host Controller Interface driver
[    4.915526] i8042: PNP: PS/2 Controller [PNP0303:PS2K,PNP0f03:PS2M] at 0x60,0x64 irq 1,12
[    4.915526] serio: i8042 KBD port at 0x60,0x64 irq 1
[    4.915526] serio: i8042 AUX port at 0x60,0x64 irq 12
[    5.105750] mousedev: PS/2 mouse device common for all mice
[    5.157997] rtc_cmos rtc_cmos: rtc core: registered rtc_cmos as rtc0
[    5.249265] rtc_cmos rtc_cmos: alarms up to one day, 114 bytes nvram
[    5.321851] i2c /dev entries driver
[    5.344523] device-mapper: uevent: version 1.0.3
[    5.404859] input: AT Translated Set 2 keyboard as /devices/platform/i8042/serio0/input/input2
[    5.492631] device-mapper: ioctl: 4.37.0-ioctl (2017-09-20) initialised: dm-devel@redhat.com
[    5.546275] ledtrig-cpu: registered to indicate activity on CPUs
[    5.614170] NET: Registered protocol family 10
[    5.673170] Segment Routing with IPv6
[    5.761908] NET: Registered protocol family 17
[    5.790015] Key type dns_resolver registered
[    5.871081] mce: Using 0 MCE banks
[    5.910903] RAS: Correctable Errors collector initialized.
[    5.973018] sched_clock: Marking stable (5972971374, 0)->(12813604509, -6840633135)
[    6.038186] registered taskstats version 1
[    6.063458] Loading compiled-in X.509 certificates
[    6.100935] Loaded X.509 cert 'Build time autogenerated kernel key: 495c641868e7df5e32bc382f03c4f4fc9cad4e78'
[    6.199921] zswap: loaded using pool lzo/zbud
[    6.237311] Key type big_key registered
[    6.280407] Key type trusted registered
[    6.338250] Key type encrypted registered
[    6.382470] AppArmor: AppArmor sha1 policy hashing enabled
[    6.417352] ima: No TPM chip found, activating TPM-bypass! (rc=-19)
[    6.459691] ima: Allocated hash algorithm: sha1
[    6.488659] evm: HMAC attrs: 0x1
[    6.510108]   Magic number: 12:663:575
[    6.533725]  workqueue: hash matches
[    6.556296] rtc_cmos rtc_cmos: setting system clock to 2020-07-09 09:34:08 UTC (1594287248)
[    6.613816] BIOS EDD facility v0.16 2004-Jun-25, 0 devices found
[    6.657133] EDD information not available.
[    6.686777] Freeing unused kernel image memory: 2436K
[    6.754537] Write protecting the kernel read-only data: 20480k
[    6.816368] Freeing unused kernel image memory: 2008K
[    6.878190] Freeing unused kernel image memory: 1872K
[    6.915528] x86/mm: Checked W+X mappings: passed, no W+X pages found.
[    6.962028] x86/mm: Checking user space page tables
[    6.997497] x86/mm: Checked W+X mappings: passed, no W+X pages found.
Loading, please wait...
starting version 237
[    7.125598] Fusion MPT base driver 3.04.20
[    7.128875] e1000: Intel(R) PRO/1000 Network Driver - version 7.3.21-k8-NAPI
[    7.154119] Copyright (c) 1999-2008 LSI Corporation
[    7.202691] e1000: Copyright (c) 1999-2006 Intel Corporation.
[    7.305659] Fusion MPT SPI Host driver 3.04.20
[    7.574151] input: ImExPS/2 Generic Explorer Mouse as /devices/platform/i8042/serio1/input/input4
[    7.992313] e1000 0000:00:03.0 eth0: (PCI:33MHz:32-bit) 02:12:97:df:f3:54
[    8.052649] e1000 0000:00:03.0 eth0: Intel(R) PRO/1000 Network Connection
[    8.100308] mptbase: ioc0: Initiating bringup
[    8.275351] ioc0: LSI53C1030 A0: Capabilities={Initiator}
[    9.106380] scsi host2: ioc0: LSI53C1030 A0, FwRev=00000000h, Ports=1, MaxQ=256, IRQ=20
[    9.721543] scsi 2:0:0:0: Direct-Access     VBOX     HARDDISK         1.0  PQ: 0 ANSI: 5
[    9.830180] scsi target2:0:0: Beginning Domain Validation
[    9.875348] scsi target2:0:0: Domain Validation skipping write tests
[    9.938311] scsi target2:0:0: Ending Domain Validation
[    9.970844] scsi target2:0:0: asynchronous
[    9.997328] random: fast init done
[   10.019087] scsi 2:0:1:0: Direct-Access     VBOX     HARDDISK         1.0  PQ: 0 ANSI: 5
[   10.342636] scsi target2:0:1: Beginning Domain Validation
[   10.395762] scsi target2:0:1: Domain Validation skipping write tests
[   10.404242] random: systemd-udevd: uninitialized urandom read (16 bytes read)
[   10.490742] scsi target2:0:1: Ending Domain Validation
[   10.540416] e1000 0000:00:08.0 eth1: (PCI:33MHz:32-bit) 08:00:27:d2:9a:9d
[   10.618389] scsi target2:0:1: asynchronous
[   10.665754] e1000 0000:00:08.0 eth1: Intel(R) PRO/1000 Network Connection
[   10.705017] sd 2:0:0:0: Attached scsi generic sg0 type 0
[   10.786274] random: systemd-udevd: uninitialized urandom read (16 bytes read)
[   10.819837] sd 2:0:1:0: Attached scsi generic sg1 type 0
[   10.864341] random: systemd-udevd: uninitialized urandom read (16 bytes read)
[   10.900697] sd 2:0:1:0: [sdb] 20480 512-byte logical blocks: (10.5 MB/10.0 MiB)
[   10.989430] sd 2:0:1:0: [sdb] Write Protect is off
[   10.989529] sd 2:0:0:0: [sda] 20971520 512-byte logical blocks: (10.7 GB/10.0 GiB)
[   11.067457] sd 2:0:1:0: [sdb] Incomplete mode parameter data
[   11.068214] e1000 0000:00:08.0 enp0s8: renamed from eth1
[   11.130101] sd 2:0:1:0: [sdb] Assuming drive cache: write through
[   11.201277] sd 2:0:0:0: [sda] Write Protect is off
[   11.239422] sd 2:0:0:0: [sda] Incomplete mode parameter data
[   11.275092] sd 2:0:0:0: [sda] Assuming drive cache: write through
[   11.329772]  sda: sda1
[   11.348122] sd 2:0:0:0: [sda] Attached SCSI disk
[   11.349538] e1000 0000:00:03.0 enp0s3: renamed from eth0
[   11.416684] sd 2:0:1:0: [sdb] Attached SCSI disk
Begin: Loading essential drivers ... [   13.424118] raid6: sse2x1   gen() 14868 MB/s
[   13.500300] raid6: sse2x1   xor() 10690 MB/s
[   13.584253] raid6: sse2x2   gen() 16991 MB/s
[   13.656511] raid6: sse2x2   xor() 12305 MB/s
[   13.732714] raid6: sse2x4   gen() 19907 MB/s
[   13.812086] raid6: sse2x4   xor() 13130 MB/s
[   13.839586] raid6: using algorithm sse2x4 gen() 19907 MB/s
[   13.873950] raid6: .... xor() 13130 MB/s, rmw enabled
[   13.906321] raid6: using ssse3x2 recovery algorithm
[   13.947128] xor: measuring software checksum speed
[   17.743360]    prefetch64-sse: 1600860.704 MB/sec
[   20.738831]    generic_sse: 1172888.704 MB/sec
[   20.791041] xor: using function: prefetch64-sse (1600860.704 MB/sec)
[   20.849925] async_tx: api initialized (async)
done.
Begin: Running /scripts/init-premount ... done.
Begin: Mounting root file system ... Begin: Running /scripts/local-top ... done.
Begin:[   20.969701] Btrfs loaded, crc32c=crc32c-intel
 Running /scripts/local-premount ... Scanning for Btrfs filesystems
done.
Warning: fsck not present, so skipping root file system
[   21.064208] EXT4-fs (sda1): mounted filesystem with ordered data mode. Opts: (null)
done.
Begin: Running /scripts/local-bottom ... done.
Begin: Running /scripts/init-bottom ... done.
[   21.343514] ip_tables: (C) 2000-2006 Netfilter Core Team
[   21.397948] systemd[1]: systemd 237 running in system mode. (+PAM +AUDIT +SELINUX +IMA +APPARMOR +SMACK +SYSVINIT +UTMP +LIBCRYPTSETUP +GCRYPT +GNUTLS +ACL +XZ +LZ4 +SECCOMP +BLKID +ELFUTILS +KMOD -IDN2 +IDN -PCRE2 default-hierarchy=hybrid)
[   21.579017] systemd[1]: Detected virtualization oracle.
[   21.623139] systemd[1]: Detected architecture x86-64.

Welcome to [1mUbuntu 18.04.4 LTS[0m!

[   21.702871] systemd[1]: Set hostname to <ubuntu>.
[   21.767072] systemd[1]: Initializing machine ID from random generator.
[   21.826237] systemd[1]: Installed transient /etc/machine-id file.
[   22.333307] systemd[1]: Started Forward Password Requests to Wall Directory Watch.
[[0;32m  OK  [0m] Started Forward Password Requests to Wall Directory Watch.
[   22.439381] systemd[1]: Created slice System Slice.
[[0;32m  OK  [0m] Created slice System Slice.
[   22.500358] systemd[1]: Listening on Journal Socket (/dev/log).
[[0;32m  OK  [0m] Listening on Journal Socket (/dev/log).
[   22.684317] systemd[1]: Set up automount Arbitrary Executable File Formats File System Automount Point.
[[0;32m  OK  [0m] Set up automount Arbitrary Executab…rmats File System Automount Point.
[[0;32m  OK  [0m] Listening on LVM2 poll daemon socket.
[[0;32m  OK  [0m] Listening on /dev/initctl Compatibility Named Pipe.
[[0;32m  OK  [0m] Listening on Journal Socket.
         Mounting Huge Pages File System...
         Starting Create list of required st…ce nodes for the current kernel...
         Starting Load Kernel Modules...
         Starting Uncomplicated firewall...
         Mounting POSIX Message Queue File System...
[   23.774130] Loading iSCSI transport class v2.0-870.
[[0;32m  OK  [0m] Listening on LVM2 metadata daemon socket.
[[0;32m  OK  [0[   23.822022] iscsi: registered transport (tcp)
m] Created slice system-serial\x2dgetty.slice.
[[0;32m  OK  [0m] Reached target User and Group Name Lookups.
[   23.914496] iscsi: registered transport (iser)
         Mounting Kernel Debug File System...
         Starting Remount Root and Kernel File Systems...
[[   23.993298] EXT4-fs (sda1): re-mounted. Opts: (null)
[0;32m  OK  [0m] Listening on Syslog Socket.
         Starting Set the console keyboard layout...
[[0;32m  OK  [0m] Listening on Journal Audit Socket.
         Starting Journal Service...
[[0;32m  OK  [0m] Created slice User and Session Slice.
[[0;32m  OK  [0m] Reached target Slices.
[[0;32m  OK  [0m] Listening on Device-mapper event daemon FIFOs.
         Starting Monitoring of LVM2 mirrors…ng dmeventd or progress polling...
[[0;32m  OK  [0m] Listening on Network Service Netlink Socket.
[[0;32m  OK  [0m] Listening on udev Control Socket.
[[0;32m  OK  [0m] Reached target System Time Synchronized.
[[0;32m  OK  [0m] Listening on udev Kernel Socket.
         Starting udev Coldplug all Devices...
[[0;32m  OK  [0m] Reached target Swap.
[[0;32m  OK  [0m] Started Journal Service.
[[0;32m  OK  [0m] Mounted Huge Pages File System.
[[0;32m  OK  [0m] Started Create list of required sta…vice nodes for the current kernel.
[[0;32m  OK  [0m] Started Load Kernel Modules.
[[0;32m  OK  [0m] Started Uncomplicated firewall.
[[0;32m  OK  [0m] Mounted POSIX Message Queue File System.
[[0;32m  OK  [0m] Mounted Kernel Debug File System.
[[0;32m  OK  [0m] Started Remount Root and Kernel File Systems.
[[0;32m  OK  [0m] Started Set the console keyboard layout.
[[0;32m  OK  [0m] Started LVM2 metadata daemon.
         Starting Load/Save Random Seed...
[   24.483373] random: crng init done
[   24.517744] random: 7 urandom warning(s) missed due to ratelimiting
         Mounting FUSE Control File System...
         Starting Apply Kernel Variables...
         Mounting Kernel Configuration File System...
         Starting Create Static Device Nodes in /dev...
         Starting Flush Journal to Persistent Storage...
[[0;32m  OK  [0m] Started Monitoring of LVM2 mirrors,…sing dmeventd or progress polling.
[[0;32m  OK  [0m] Started udev Coldplug all Devices.
[[0;32m  OK  [0m] Started Load/Save Random Seed.
[[0;32m  OK  [0m] Mounted FUSE Control File System.
[[0;32m  OK  [0m] Started Apply Kernel Variables.
[[0;32m  OK  [0m] Mounted Kernel Configuration File System.
[[0;32m  OK  [0m] Started Create Static Device Nodes in /dev.
         Starting udev Kernel Device Manager...
[[0;32m  OK  [0m] Reached target Local File Systems (Pre).
[[0;32m  OK  [0m] Reached target Local File Systems.
         Starting AppArmor initialization...
         Starting Tell Plymouth To Write Out Runtime Data...
         Starting ebtables ruleset management...
         Starting Commit a transient machine-id on disk...
         Starting Set console font and keymap...
[[0;32m  OK  [0m] Started udev Kernel Device Manager.
[[0;32m  OK  [0m] Started Tell Plymouth To Write Out Runtime Data.
[[0;32m  OK  [0m] Started Set console font and keymap.
[[0;32m  OK  [0m] Started Dispatch Password Requests to Console Directory Watch.
[[0;32m  OK  [0m] Reached target Local Encrypted Volumes.
[[0;32m  OK  [0m] Started Commit a transient machine-id on disk.
[[0;32m  OK  [0m] Started Flush Journal to Persistent Storage.
[[0;32m  OK  [0m] Started ebtables ruleset management.
[[0;32m  OK  [0m] Found device /dev/ttyS0.
         Starting Create Volatile Files and Directories...
[[0;32m  OK  [0m] Listening on Load/Save RF Kill Switch Status /dev/rfkill Watch.
[[0;32m  OK  [0m] Started Create Volatile Files and Directories.
         Starting Update UTMP about System Boot/Shutdown...
[[0;32m  OK  [0m] Started Update UTMP about System Boot/Shutdown.
[[0;32m  OK  [0m] Started AppArmor initialization.
         Starting Initial cloud-init job (pre-networking)...
[   27.000394] cloud-init[518]: Cloud-init v. 19.4-33-gbb4131a2-0ubuntu1~18.04.1 running 'init-local' at Thu, 09 Jul 2020 09:34:28 +0000. Up 26.62 seconds.
[[0;32m  OK  [0m] Started Initial cloud-init job (pre-networking).
[[0;32m  OK  [0m] Reached target Network (Pre).
         Starting Network Service...
[[0;32m  OK  [0m] Started Network Service.
         Starting Network Name Resolution...
         Starting Wait for Network to be Configured...
[[0;32m  OK  [0m] Started Network Name Resolution.
[[0;32m  OK  [0m] Reached target Network.
[[0;32m  OK  [0m] Reached target Host and Network Name Lookups.
[[0;32m  OK  [0m] Started Wait for Network to be Configured.
         Starting Initial cloud-init job (metadata service crawler)...
[   28.692173] cloud-init[642]: Cloud-init v. 19.4-33-gbb4131a2-0ubuntu1~18.04.1 running 'init' at Thu, 09 Jul 2020 09:34:30 +0000. Up 28.59 seconds.
[   28.712805] cloud-init[642]: ci-info: ++++++++++++++++++++++++++++++++++++++Net device info+++++++++++++++++++++++++++++++++++++++
[   28.728207] cloud-init[642]: ci-info: +--------+-------+----------------------------+---------------+--------+-------------------+
[   28.748673] cloud-init[642]: ci-info: | Device |   Up  |          Address           |      Mask     | Scope  |     Hw-Address    |
[   28.768515] cloud-init[642]: ci-info: +--------+-------+----------------------------+---------------+--------+-------------------+
[   28.784440] cloud-init[642]: ci-info: | enp0s3 |  True |         10.0.2.15          | 255.255.255.0 | global | 02:12:97:df:f3:54 |
[   28.809442] cloud-init[642]: ci-info: | enp0s3 |  True | fe80::12:97ff:fedf:f354/64 |       .       |  link  | 02:12:97:df:f3:54 |
[   28.860154] cloud-init[642]: ci-info: | enp0s8 | False |             .              |       .       |   .    | 08:00:27:d2:9a:9d |
[   28.880429] cloud-init[642]: ci-info: |   lo   |  True |         127.0.0.1          |   255.0.0.0   |  host  |         .         |
[   28.896391] cloud-init[642]: ci-info: |   lo   |  True |          ::1/128           |       .       |  host  |         .         |
[   28.912491] cloud-init[642]: ci-info: +--------+-------+----------------------------+---------------+--------+-------------------+
[   28.932319] cloud-init[642]: ci-info: ++++++++++++++++++++++++++++Route IPv4 info+++++++++++++++++++++++++++++
[   28.969722] cloud-init[642]: ci-info: +-------+-------------+----------+-----------------+-----------+-------+
[   28.991065] cloud-init[642]: ci-info: | Route | Destination | Gateway  |     Genmask     | Interface | Flags |
[   29.019271] cloud-init[642]: ci-info: +-------+-------------+----------+-----------------+-----------+-------+
[   29.036433] cloud-init[642]: ci-info: |   0   |   0.0.0.0   | 10.0.2.2 |     0.0.0.0     |   enp0s3  |   UG  |
[   29.052199] cloud-init[642]: ci-info: |   1   |   10.0.2.0  | 0.0.0.0  |  255.255.255.0  |   enp0s3  |   U   |
[   29.068946] cloud-init[642]: ci-info: |   2   |   10.0.2.2  | 0.0.0.0  | 255.255.255.255 |   enp0s3  |   UH  |
[   29.084647] cloud-init[642]: ci-info: +-------+-------------+----------+-----------------+-----------+-------+
[   29.113882] cloud-init[642]: ci-info: +++++++++++++++++++Route IPv6 info+++++++++++++++++++
[   29.133291] cloud-init[642]: ci-info: +-------+-------------+---------+-----------+-------+
[   29.152947] cloud-init[642]: ci-info: | Route | Destination | Gateway | Interface | Flags |
[   29.168256] cloud-init[642]: ci-info: +-------+-------------+---------+-----------+-------+
[   29.184425] cloud-init[642]: ci-info: |   1   |  fe80::/64  |    ::   |   enp0s3  |   U   |
[   29.200763] cloud-init[642]: ci-info: |   3   |    local    |    ::   |   enp0s3  |   U   |
[   29.244157] cloud-init[642]: ci-info: |   4   |   ff00::/8  |    ::   |   enp0s3  |   U   |
[   29.261029] cloud-init[642]: ci-info: +-------+-------------+---------+-----------+-------+
[   29.445354] cloud-init[642]: Generating public/private rsa key pair.
[   29.468365] cloud-init[642]: Your identification has been saved in /etc/ssh/ssh_host_rsa_key.
[[0;32m  OK  [0m] Started Initial cloud-init job (metadata service crawler).
[[0;32m  OK  [0m] Reached target System Initialization.
[   29.488335] cloud-init[642]: Your public key has been saved in /etc/ssh/ssh_host_rsa_key.pub.
[[0;32m  OK  [0m] Started Daily apt download activities.
[   29.508936] cloud-init[642]: The key fingerprint is:
[   29.528478] [cloud-init[0;32m  OK  [0m[642]: ] SHA256:tXlJQSOZtwCh/WCySBqAg+adobHS5jYot6y/7PUJdys root@ubuntu-bionicStarted Daily apt upgrade and clean activities.

[[0;32m  OK  [0m] Started Discard unused blocks once a week.
[[0;32m  OK  [0m] Started Message of the Day.
[[0;32m  OK  [0m] Listening on UUID daemon activation socket.
[   29.548794] cloud-init[642]: The key's randomart image is:
[   29.585494] [cloud-init[0;32m  OK  [0m[642]: ] +---[RSA 2048]----+Started ACPI Events Check.

[   29.601067] [cloud-init[0;32m  OK  [0m[642]: ] |+       oo.++    |Reached target Paths.

[[0;32m  OK  [0m] Started Daily Cleanup of Temporary Directories.
[[0;32m  OK  [0m] Listening on Open-iSCSI iscsid Socket.
[   29.617342] cloud-init[642]: |++ .   o  +..o   |
[   29.651394] cloud-init[642]: |oo* + o + .o..   |
[   29.652387] cloud-init[642]: |.+o* . + + +..   |
[[0;32m  OK  [0m] Listening on D-Bus System Message Bus Socket.
[[0;32m  OK  [0m] Reached target Timers.
[   29.652730] cloud-init[642]: |.+. . . S + o    |
         Starting Socket activation for snappy daemon.
[[0;32m  OK  [0m] Listening on ACPID Listen Socket.
[   29.707979] cloud-init[642]: |o =        .     |
         Starting LXD - unix socket.
[[0;32m  OK  [0m] Reached target Cloud-config availability.
[[0;32m  OK  [0m] Reached target Network is Online.
[   29.738380] cloud-init[642]: |.+ oo . .        |
[   29.792180] cloud-init[642]: | .o. +Eo .       |
[   29.805743] cloud-init[642]: |.+=.  o..        |
[   29.823445] cloud-init[642]: +----[SHA256]-----+
[   29.840250] cloud-init[642]: Generating public/private dsa key pair.
[[   29.856197] [0;32m  OK  [0mcloud-init] [642]: Your identification has been saved in /etc/ssh/ssh_host_dsa_key.
[   29.856463] cloud-init[642]: Your public key has been saved in /etc/ssh/ssh_host_dsa_key.pub.
[   29.856503] cloud-init[642]: The key fingerprint is:
[   29.856544] cloud-init[642]: SHA256:uwiqQiswaWXMLPvMGXlQrdjyBXRYQGtCQaeEoXfqiXI root@ubuntu-bionic
Reached target Remote File Systems (Pre).
[[   29.856783] [0;32m  OK  [0mcloud-init] [642]: Reached target Remote File Systems.The key's randomart image is:

         [   29.911485] cloud-init[642]: +---[DSA 1024]----+
[   29.911531] cloud-init[642]: | .+=+==o         |
[   29.911559] cloud-init[642]: |..o o+o.         |
[   29.911587] cloud-init[642]: |. =o=oo          |
[   29.911618] cloud-init[642]: | o %oo .         |
[   29.912190] cloud-init[642]: | .* = . S        |
[   29.912464] cloud-init[642]: |+* + o   .       |
[   29.912499] cloud-init[642]: |*.E =   .        |
[   29.912525] cloud-init[642]: |+o * . . .       |
[   29.912552] cloud-init[642]: |+..   . .        |
[   29.912578] cloud-init[642]: +----[SHA256]-----+
[   29.912605] cloud-init[642]: Generating public/private ecdsa key pair.
[   29.912632] cloud-init[642]: Your identification has been saved in /etc/ssh/ssh_host_ecdsa_key.
[   29.912659] cloud-init[642]: Your public key has been saved in /etc/ssh/ssh_host_ecdsa_key.pub.
[   29.912686] cloud-init[642]: The key fingerprint is:
[   29.912712] cloud-init[642]: SHA256:OJAOwYNimkqZkGuhfQUxCUNwlIbj9BmDb2VyfFZrBHU root@ubuntu-bionic
[   29.912740] cloud-init[642]: The key's randomart image is:
[   29.912765] cloud-init[642]: +---[ECDSA 256]---+
[   29.912791] cloud-init[642]: |.OOo=+ .++ E     |
[   29.912816] cloud-init[642]: |B*=*.B.o. o      |
[   29.912842] cloud-init[642]: |O*B.@.o  o       |
[   29.912869] cloud-init[642]: |=*.B.. ..        |
[   29.912894] cloud-init[642]: |+ ... o S        |
[   29.912920] cloud-init[642]: |.      .         |
[   29.913178] cloud-init[642]: |                 |
[   29.913231] cloud-init[642]: |                 |
[   29.913262] cloud-init[642]: |                 |
[   29.913288] cloud-init[642]: +----[SHA256]-----+
[   29.913314] cloud-init[642]: Generating public/private ed25519 key pair.
[   29.913340] cloud-init[642]: Your identification has been saved in /etc/ssh/ssh_host_ed25519_key.
[   29.913366] cloud-init[642]: Your public key has been saved in /etc/ssh/ssh_host_ed25519_key.pub.
[   29.913392] cloud-init[642]: The key fingerprint is:
[   29.913418] cloud-init[642]: SHA256:BcdjBSg8ondVmaS28Jd27q/+5ZYNjvJDpu02DqegacU root@ubuntu-bionic
[   29.913449] cloud-init[642]: The key's randomart image is:
[   29.913475] cloud-init[642]: +--[ED25519 256]--+
[   29.913501] cloud-init[642]: |     .  .===.    |
[   29.913528] cloud-init[642]: |    . + o+*      |
[   29.913556] cloud-init[642]: |   . ..+o...     |
[   29.913581] cloud-init[642]: |  . . .+ o .     |
[   29.913839] cloud-init[642]: |   . . .S + .    |
[   29.913872] cloud-init[642]: |        Eo oo .  |
[   29.913903] cloud-init[642]: |       .. .=oo .+|
[   29.913930] cloud-init[642]: |      .o .o=* .+o|
[   29.914418] cloud-init[642]: |     .o   .BB*o..|
[   29.914458] cloud-init[642]: +----[SHA256]-----+
Starting Availability of block devices...
[[0;32m  OK  [0m] Listening on Socket activation for snappy daemon.
[[0;32m  OK  [0m] Listening on LXD - unix socket.
[[0;32m  OK  [0m] Started Availability of block devices.
[[0;32m  OK  [0m] Reached target Sockets.
[[0;32m  OK  [0m] Reached target Basic System.
         Starting Virtualbox guest utils...
         Starting Login Service...
         Starting Pollinate to seed the pseudo random number generator...
         Starting LXD - container startup/shutdown...
         Starting Accounts Service...
         Starting System Logging Service...
         Starting LSB: automatic crash report generation...
[[0;32m  OK  [0m] Started FUSE filesystem for LXC.
[[0;32m  OK  [0m] Started D-Bus System Message Bus.
[[0;32m  OK  [0m] Started Login Service.
         Starting Permit User Sessions...
         Starting LSB: Record successful boot for GRUB...
         Starting Dispatcher daemon for systemd-networkd...
[[0;32m  OK  [0m] Started irqbalance daemon.
[[0;32m  OK  [0m] Started Regular background program processing daemon.
[[0;32m  OK  [0m] Started Unattended Upgrades Shutdown.
[[0;32m  OK  [0m] Started Deferred execution scheduler.
         Starting Snappy daemon...
[[0;32m  OK  [0m] Started System Logging Service.
[[0;32m  OK  [0m] Started LXD - container startup/shutdown.
[[0;32m  OK  [0m] Started Permit User Sessions.
         Starting Authorization Manager...
         Starting Hold until boot process finishes up...
         Starting Terminate Plymouth Boot Screen...
[[0;32m  OK  [0m] Started Hold until boot process finishes up.
[[0;32m  OK  [0m] Started Terminate Plymouth Boot Screen.
[[0;32m  OK  [0m] Started Serial Getty on ttyS0.
         Starting Set console scheme...
[[0;32m  OK  [0m] Started Set console scheme.
[[0;32m  OK  [0m] Started LSB: automatic crash report generation.
[[0;32m  OK  [0m] Started LSB: Record successful boot for GRUB.
[[0;32m  OK  [0m] Created slice system-getty.slice.
[[0;32m  OK  [0m] Started Getty on tty1.
[[0;32m  OK  [0m] Reached target Login Prompts.
[[0;32m  OK  [0m] Started Authorization Manager.
[[0;32m  OK  [0m] Started Accounts Service.
[[0;32m  OK  [0m] Started Virtualbox guest utils.
[[0;32m  OK  [0m] Started Dispatcher daemon for systemd-networkd.
[[0;32m  OK  [0m] Started Snappy daemon.
         Starting Wait until snapd is fully seeded...
[[0;32m  OK  [0m] Started Pollinate to seed the pseudo random number generator.
         Starting OpenBSD Secure Shell server...
[[0;32m  OK  [0m] Started OpenBSD Secure Shell server.
[[0;32m  OK  [0m] Started Wait until snapd is fully seeded.
         Starting Apply the settings specified in cloud-config...
[[0;32m  OK  [0m] Reached target Multi-User System.
[[0;32m  OK  [0m] Reached target Graphical Interface.
         Starting Update UTMP about System Runlevel Changes...
[[0;32m  OK  [0m] Started Update UTMP about System Runlevel Changes.
[   32.995100] cloud-init[1234]: Cloud-init v. 19.4-33-gbb4131a2-0ubuntu1~18.04.1 running 'modules:config' at Thu, 09 Jul 2020 09:34:34 +0000. Up 32.52 seconds.
[[0;32m  OK  [0m] Started Apply the settings specified in cloud-config.
         Starting Execute cloud user/final scripts...
ci-info: no authorized SSH keys fingerprints found for user ubuntu.
<14>Jul  9 09:34:35 ec2: 
<14>Jul  9 09:34:35 ec2: #############################################################
<14>Jul  9 09:34:35 ec2: -----BEGIN SSH HOST KEY FINGERPRINTS-----
<14>Jul  9 09:34:35 ec2: 1024 SHA256:uwiqQiswaWXMLPvMGXlQrdjyBXRYQGtCQaeEoXfqiXI root@ubuntu-bionic (DSA)
<14>Jul  9 09:34:35 ec2: 256 SHA256:OJAOwYNimkqZkGuhfQUxCUNwlIbj9BmDb2VyfFZrBHU root@ubuntu-bionic (ECDSA)
<14>Jul  9 09:34:35 ec2: 256 SHA256:BcdjBSg8ondVmaS28Jd27q/+5ZYNjvJDpu02DqegacU root@ubuntu-bionic (ED25519)
<14>Jul  9 09:34:35 ec2: 2048 SHA256:tXlJQSOZtwCh/WCySBqAg+adobHS5jYot6y/7PUJdys root@ubuntu-bionic (RSA)
<14>Jul  9 09:34:35 ec2: -----END SSH HOST KEY FINGERPRINTS-----
<14>Jul  9 09:34:35 ec2: #############################################################
-----BEGIN SSH HOST KEY KEYS-----
ecdsa-sha2-nistp256 AAAAE2VjZHNhLXNoYTItbmlzdHAyNTYAAAAIbmlzdHAyNTYAAABBBNCPYvfl60IQG+rewrx1I7+ann4zlbsuWxQ0VEGSTfxyWFzIn/1BMbBjkKNeQJrkxhr8IdxbOPx1eyG51vjXVk8= root@ubuntu-bionic
ssh-ed25519 AAAAC3NzaC1lZDI1NTE5AAAAIOHhfQvW/qSPhZnRMOJ0CJ0lfVdFcYopkWXBlwfcyy8b root@ubuntu-bionic
ssh-rsa AAAAB3NzaC1yc2EAAAADAQABAAABAQDpYpqd0dV1DqatoHgO469qBvsU7AS/B8jvtgJ+ifUyi9EJB+U+gzkuItTuqxWGcRq2AuK9G09BtbJuAWJdDxfXRBsp0IlzJndX0XDNfAOZqQZse0LhqRmqQfK3QM0GY5OQ6MU0xiwy6sIa6AvzoXJqtQLjYoOI9LkpyOnQ3qnG97/bTYkuTJjYwtpy082fiB37rmsJZaxb/lYP7fiiU04a3PIYsHfWVxHzPDDaXJ9/2I1OOKTO60pqcVNPaNwzn5QaZiIivHNJ8NQAkIQSBVezEjaEQmzjk6rPwBlGqDYHqgcBU/0cCVpLN5wU4As22051tkcjYRjJjNFbXTHFp1FB root@ubuntu-bionic
-----END SSH HOST KEY KEYS-----
[   33.455200] cloud-init[1315]: Cloud-init v. 19.4-33-gbb4131a2-0ubuntu1~18.04.1 running 'modules:final' at Thu, 09 Jul 2020 09:34:35 +0000. Up 33.27 seconds.
[   33.478991] cloud-init[1315]: ci-info: no authorized SSH keys fingerprints found for user ubuntu.
[[0;32m  OK  [0m] Started Execute cloud user/final scripts.
[   33.509054] [cloud-init[0;32m  OK  [0m[1315]: ] Cloud-init v. 19.4-33-gbb4131a2-0ubuntu1~18.04.1 finished at Thu, 09 Jul 2020 09:34:35 +0000. Datasource DataSourceNoCloud [seed=/dev/sdb][dsmode=net].  Up 33.45 secondsReached target Cloud-init target.


Ubuntu 18.04.4 LTS ubuntu-bionic ttyS0

ubuntu-bionic login: 